{"/Users/gang.li/Documents/Other/My Project/RN/RNWeather/.eslintrc.js": {"path":"/Users/gang.li/Documents/Other/My Project/RN/RNWeather/.eslintrc.js","statementMap":{"0":{"start":{"line":1,"column":0},"end":{"line":4,"column":2}}},"fnMap":{},"branchMap":{},"s":{"0":0},"f":{},"b":{}}
,"/Users/gang.li/Documents/Other/My Project/RN/RNWeather/.prettierrc.js": {"path":"/Users/gang.li/Documents/Other/My Project/RN/RNWeather/.prettierrc.js","statementMap":{"0":{"start":{"line":1,"column":0},"end":{"line":13,"column":2}}},"fnMap":{},"branchMap":{},"s":{"0":0},"f":{},"b":{}}
,"/Users/gang.li/Documents/Other/My Project/RN/RNWeather/App.js": {"path":"/Users/gang.li/Documents/Other/My Project/RN/RNWeather/App.js","statementMap":{"0":{"start":{"line":7,"column":14},"end":{"line":7,"column":42}},"1":{"start":{"line":10,"column":4},"end":{"line":10,"column":28}},"2":{"start":{"line":13,"column":15},"end":{"line":20,"column":2}}},"fnMap":{"0":{"name":"App","decl":{"start":{"line":9,"column":24},"end":{"line":9,"column":27}},"loc":{"start":{"line":9,"column":30},"end":{"line":11,"column":1}},"line":9}},"branchMap":{},"s":{"0":0,"1":0,"2":0},"f":{"0":0},"b":{}}
,"/Users/gang.li/Documents/Other/My Project/RN/RNWeather/src/API/api.js": {"path":"/Users/gang.li/Documents/Other/My Project/RN/RNWeather/src/API/api.js","statementMap":{"0":{"start":{"line":1,"column":34},"end":{"line":18,"column":1}},"1":{"start":{"line":2,"column":27},"end":{"line":2,"column":45}},"2":{"start":{"line":4,"column":8},"end":{"line":4,"column":154}},"3":{"start":{"line":5,"column":4},"end":{"line":17,"column":11}},"4":{"start":{"line":7,"column":12},"end":{"line":7,"column":35}},"5":{"start":{"line":10,"column":12},"end":{"line":10,"column":42}},"6":{"start":{"line":11,"column":12},"end":{"line":11,"column":44}},"7":{"start":{"line":12,"column":12},"end":{"line":12,"column":37}},"8":{"start":{"line":15,"column":12},"end":{"line":15,"column":48}},"9":{"start":{"line":16,"column":12},"end":{"line":16,"column":37}}},"fnMap":{"0":{"name":"(anonymous_0)","decl":{"start":{"line":1,"column":34},"end":{"line":1,"column":35}},"loc":{"start":{"line":1,"column":48},"end":{"line":18,"column":1}},"line":1},"1":{"name":"(anonymous_1)","decl":{"start":{"line":6,"column":14},"end":{"line":6,"column":15}},"loc":{"start":{"line":6,"column":28},"end":{"line":8,"column":9}},"line":6},"2":{"name":"(anonymous_2)","decl":{"start":{"line":9,"column":14},"end":{"line":9,"column":15}},"loc":{"start":{"line":9,"column":28},"end":{"line":13,"column":9}},"line":9},"3":{"name":"(anonymous_3)","decl":{"start":{"line":14,"column":15},"end":{"line":14,"column":16}},"loc":{"start":{"line":14,"column":26},"end":{"line":17,"column":9}},"line":14}},"branchMap":{},"s":{"0":0,"1":0,"2":0,"3":0,"4":0,"5":0,"6":0,"7":0,"8":0,"9":0},"f":{"0":0,"1":0,"2":0,"3":0},"b":{}}
,"/Users/gang.li/Documents/Other/My Project/RN/RNWeather/src/Assets/Colors.js": {"path":"/Users/gang.li/Documents/Other/My Project/RN/RNWeather/src/Assets/Colors.js","statementMap":{},"fnMap":{},"branchMap":{},"s":{},"f":{},"b":{}}
,"/Users/gang.li/Documents/Other/My Project/RN/RNWeather/src/Data/weatherData_7days.js": {"path":"/Users/gang.li/Documents/Other/My Project/RN/RNWeather/src/Data/weatherData_7days.js","statementMap":{"0":{"start":{"line":1,"column":27},"end":{"line":354,"column":1}}},"fnMap":{},"branchMap":{},"s":{"0":0},"f":{},"b":{}}
,"/Users/gang.li/Documents/Other/My Project/RN/RNWeather/src/Data/weatherData_daily_hourly.js": {"path":"/Users/gang.li/Documents/Other/My Project/RN/RNWeather/src/Data/weatherData_daily_hourly.js","statementMap":{"0":{"start":{"line":5,"column":26},"end":{"line":1426,"column":1}}},"fnMap":{},"branchMap":{},"s":{"0":0},"f":{},"b":{}}
,"/Users/gang.li/Documents/Other/My Project/RN/RNWeather/src/Navigator/AppNavigator.js": {"path":"/Users/gang.li/Documents/Other/My Project/RN/RNWeather/src/Navigator/AppNavigator.js","statementMap":{"0":{"start":{"line":7,"column":14},"end":{"line":7,"column":42}},"1":{"start":{"line":10,"column":4},"end":{"line":17,"column":6}}},"fnMap":{"0":{"name":"(anonymous_0)","decl":{"start":{"line":9,"column":30},"end":{"line":9,"column":31}},"loc":{"start":{"line":9,"column":36},"end":{"line":18,"column":1}},"line":9}},"branchMap":{},"s":{"0":0,"1":0},"f":{"0":0},"b":{}}
,"/Users/gang.li/Documents/Other/My Project/RN/RNWeather/src/Screens/BroadcastDay.js": {"path":"/Users/gang.li/Documents/Other/My Project/RN/RNWeather/src/Screens/BroadcastDay.js","statementMap":{"0":{"start":{"line":17,"column":11},"end":{"line":27,"column":1}},"1":{"start":{"line":22,"column":36},"end":{"line":22,"column":60}},"2":{"start":{"line":29,"column":20},"end":{"line":42,"column":1}},"3":{"start":{"line":34,"column":28},"end":{"line":34,"column":59}},"4":{"start":{"line":46,"column":8},"end":{"line":46,"column":21}},"5":{"start":{"line":47,"column":8},"end":{"line":47,"column":24}},"6":{"start":{"line":48,"column":8},"end":{"line":48,"column":31}},"7":{"start":{"line":49,"column":8},"end":{"line":49,"column":28}},"8":{"start":{"line":50,"column":8},"end":{"line":50,"column":31}},"9":{"start":{"line":52,"column":8},"end":{"line":52,"column":29}},"10":{"start":{"line":55,"column":15},"end":{"line":90,"column":5}},"11":{"start":{"line":56,"column":8},"end":{"line":58,"column":9}},"12":{"start":{"line":57,"column":12},"end":{"line":57,"column":19}},"13":{"start":{"line":59,"column":8},"end":{"line":59,"column":58}},"14":{"start":{"line":60,"column":8},"end":{"line":60,"column":56}},"15":{"start":{"line":61,"column":28},"end":{"line":61,"column":60}},"16":{"start":{"line":62,"column":29},"end":{"line":62,"column":65}},"17":{"start":{"line":63,"column":8},"end":{"line":63,"column":59}},"18":{"start":{"line":65,"column":8},"end":{"line":65,"column":37}},"19":{"start":{"line":66,"column":8},"end":{"line":66,"column":46}},"20":{"start":{"line":68,"column":8},"end":{"line":89,"column":10}},"21":{"start":{"line":95,"column":8},"end":{"line":150,"column":10}},"22":{"start":{"line":144,"column":28},"end":{"line":144,"column":61}},"23":{"start":{"line":145,"column":28},"end":{"line":145,"column":61}},"24":{"start":{"line":155,"column":21},"end":{"line":178,"column":5}},"25":{"start":{"line":156,"column":8},"end":{"line":177,"column":10}}},"fnMap":{"0":{"name":"(anonymous_0)","decl":{"start":{"line":22,"column":19},"end":{"line":22,"column":20}},"loc":{"start":{"line":22,"column":36},"end":{"line":22,"column":60}},"line":22},"1":{"name":"(anonymous_1)","decl":{"start":{"line":34,"column":11},"end":{"line":34,"column":12}},"loc":{"start":{"line":34,"column":28},"end":{"line":34,"column":59}},"line":34},"2":{"name":"(anonymous_2)","decl":{"start":{"line":45,"column":4},"end":{"line":45,"column":5}},"loc":{"start":{"line":45,"column":23},"end":{"line":53,"column":5}},"line":45},"3":{"name":"(anonymous_3)","decl":{"start":{"line":55,"column":15},"end":{"line":55,"column":16}},"loc":{"start":{"line":55,"column":26},"end":{"line":90,"column":5}},"line":55},"4":{"name":"(anonymous_4)","decl":{"start":{"line":92,"column":4},"end":{"line":92,"column":5}},"loc":{"start":{"line":92,"column":24},"end":{"line":92,"column":26}},"line":92},"5":{"name":"(anonymous_5)","decl":{"start":{"line":94,"column":4},"end":{"line":94,"column":5}},"loc":{"start":{"line":94,"column":13},"end":{"line":151,"column":5}},"line":94},"6":{"name":"(anonymous_6)","decl":{"start":{"line":143,"column":36},"end":{"line":143,"column":37}},"loc":{"start":{"line":143,"column":50},"end":{"line":146,"column":25}},"line":143},"7":{"name":"(anonymous_7)","decl":{"start":{"line":155,"column":21},"end":{"line":155,"column":22}},"loc":{"start":{"line":155,"column":31},"end":{"line":178,"column":5}},"line":155}},"branchMap":{"0":{"loc":{"start":{"line":22,"column":20},"end":{"line":22,"column":31}},"type":"default-arg","locations":[{"start":{"line":22,"column":30},"end":{"line":22,"column":31}}],"line":22},"1":{"loc":{"start":{"line":34,"column":12},"end":{"line":34,"column":23}},"type":"default-arg","locations":[{"start":{"line":34,"column":22},"end":{"line":34,"column":23}}],"line":34},"2":{"loc":{"start":{"line":56,"column":8},"end":{"line":58,"column":9}},"type":"if","locations":[{"start":{"line":56,"column":8},"end":{"line":58,"column":9}},{"start":{"line":56,"column":8},"end":{"line":58,"column":9}}],"line":56},"3":{"loc":{"start":{"line":101,"column":21},"end":{"line":129,"column":21}},"type":"binary-expr","locations":[{"start":{"line":101,"column":21},"end":{"line":101,"column":46}},{"start":{"line":102,"column":24},"end":{"line":128,"column":31}}],"line":101},"4":{"loc":{"start":{"line":130,"column":21},"end":{"line":140,"column":21}},"type":"binary-expr","locations":[{"start":{"line":130,"column":21},"end":{"line":130,"column":46}},{"start":{"line":131,"column":24},"end":{"line":139,"column":31}}],"line":130}},"s":{"0":0,"1":0,"2":0,"3":0,"4":0,"5":0,"6":0,"7":0,"8":0,"9":0,"10":0,"11":0,"12":0,"13":0,"14":0,"15":0,"16":0,"17":0,"18":0,"19":0,"20":0,"21":0,"22":0,"23":0,"24":0,"25":0},"f":{"0":0,"1":0,"2":0,"3":0,"4":0,"5":0,"6":0,"7":0},"b":{"0":[0],"1":[0],"2":[0,0],"3":[0,0],"4":[0,0]}}
,"/Users/gang.li/Documents/Other/My Project/RN/RNWeather/src/Screens/HomeScreen.js": {"path":"/Users/gang.li/Documents/Other/My Project/RN/RNWeather/src/Screens/HomeScreen.js","statementMap":{"0":{"start":{"line":16,"column":15},"end":{"line":53,"column":2}},"1":{"start":{"line":57,"column":8},"end":{"line":57,"column":21}},"2":{"start":{"line":59,"column":8},"end":{"line":62,"column":10}},"3":{"start":{"line":66,"column":8},"end":{"line":66,"column":29}},"4":{"start":{"line":69,"column":20},"end":{"line":84,"column":5}},"5":{"start":{"line":70,"column":8},"end":{"line":83,"column":11}},"6":{"start":{"line":71,"column":12},"end":{"line":79,"column":13}},"7":{"start":{"line":72,"column":16},"end":{"line":72,"column":63}},"8":{"start":{"line":73,"column":16},"end":{"line":73,"column":74}},"9":{"start":{"line":74,"column":16},"end":{"line":77,"column":19}},"10":{"start":{"line":78,"column":16},"end":{"line":78,"column":23}},"11":{"start":{"line":80,"column":12},"end":{"line":82,"column":15}},"12":{"start":{"line":86,"column":19},"end":{"line":110,"column":5}},"13":{"start":{"line":87,"column":24},"end":{"line":87,"column":58}},"14":{"start":{"line":88,"column":31},"end":{"line":88,"column":50}},"15":{"start":{"line":89,"column":21},"end":{"line":89,"column":44}},"16":{"start":{"line":90,"column":31},"end":{"line":90,"column":41}},"17":{"start":{"line":91,"column":8},"end":{"line":109,"column":10}},"18":{"start":{"line":112,"column":17},"end":{"line":156,"column":5}},"19":{"start":{"line":113,"column":22},"end":{"line":113,"column":38}},"20":{"start":{"line":114,"column":22},"end":{"line":114,"column":37}},"21":{"start":{"line":115,"column":22},"end":{"line":115,"column":37}},"22":{"start":{"line":116,"column":22},"end":{"line":116,"column":42}},"23":{"start":{"line":117,"column":23},"end":{"line":117,"column":56}},"24":{"start":{"line":118,"column":26},"end":{"line":118,"column":28}},"25":{"start":{"line":119,"column":8},"end":{"line":121,"column":9}},"26":{"start":{"line":120,"column":12},"end":{"line":120,"column":46}},"27":{"start":{"line":122,"column":8},"end":{"line":123,"column":9}},"28":{"start":{"line":125,"column":26},"end":{"line":125,"column":72}},"29":{"start":{"line":126,"column":31},"end":{"line":126,"column":41}},"30":{"start":{"line":127,"column":8},"end":{"line":155,"column":10}},"31":{"start":{"line":131,"column":20},"end":{"line":134,"column":23}},"32":{"start":{"line":159,"column":47},"end":{"line":159,"column":57}},"33":{"start":{"line":160,"column":28},"end":{"line":160,"column":49}},"34":{"start":{"line":161,"column":8},"end":{"line":189,"column":10}},"35":{"start":{"line":168,"column":47},"end":{"line":168,"column":66}},"36":{"start":{"line":170,"column":24},"end":{"line":170,"column":52}},"37":{"start":{"line":172,"column":44},"end":{"line":172,"column":64}},"38":{"start":{"line":179,"column":32},"end":{"line":179,"column":58}},"39":{"start":{"line":180,"column":32},"end":{"line":182,"column":35}},"40":{"start":{"line":183,"column":32},"end":{"line":183,"column":53}}},"fnMap":{"0":{"name":"(anonymous_0)","decl":{"start":{"line":56,"column":4},"end":{"line":56,"column":5}},"loc":{"start":{"line":56,"column":23},"end":{"line":63,"column":5}},"line":56},"1":{"name":"(anonymous_1)","decl":{"start":{"line":65,"column":4},"end":{"line":65,"column":5}},"loc":{"start":{"line":65,"column":24},"end":{"line":67,"column":5}},"line":65},"2":{"name":"(anonymous_2)","decl":{"start":{"line":69,"column":20},"end":{"line":69,"column":21}},"loc":{"start":{"line":69,"column":26},"end":{"line":84,"column":5}},"line":69},"3":{"name":"(anonymous_3)","decl":{"start":{"line":70,"column":27},"end":{"line":70,"column":28}},"loc":{"start":{"line":70,"column":37},"end":{"line":83,"column":9}},"line":70},"4":{"name":"(anonymous_4)","decl":{"start":{"line":86,"column":19},"end":{"line":86,"column":20}},"loc":{"start":{"line":86,"column":25},"end":{"line":110,"column":5}},"line":86},"5":{"name":"(anonymous_5)","decl":{"start":{"line":112,"column":17},"end":{"line":112,"column":18}},"loc":{"start":{"line":112,"column":34},"end":{"line":156,"column":5}},"line":112},"6":{"name":"(anonymous_6)","decl":{"start":{"line":129,"column":25},"end":{"line":129,"column":26}},"loc":{"start":{"line":129,"column":31},"end":{"line":135,"column":17}},"line":129},"7":{"name":"(anonymous_7)","decl":{"start":{"line":158,"column":4},"end":{"line":158,"column":5}},"loc":{"start":{"line":158,"column":13},"end":{"line":190,"column":5}},"line":158},"8":{"name":"(anonymous_8)","decl":{"start":{"line":168,"column":41},"end":{"line":168,"column":42}},"loc":{"start":{"line":168,"column":47},"end":{"line":168,"column":66}},"line":168},"9":{"name":"(anonymous_9)","decl":{"start":{"line":169,"column":32},"end":{"line":169,"column":33}},"loc":{"start":{"line":170,"column":24},"end":{"line":170,"column":52}},"line":170},"10":{"name":"(anonymous_10)","decl":{"start":{"line":172,"column":34},"end":{"line":172,"column":35}},"loc":{"start":{"line":172,"column":44},"end":{"line":172,"column":64}},"line":172},"11":{"name":"(anonymous_11)","decl":{"start":{"line":178,"column":39},"end":{"line":178,"column":40}},"loc":{"start":{"line":178,"column":45},"end":{"line":184,"column":29}},"line":178}},"branchMap":{"0":{"loc":{"start":{"line":71,"column":12},"end":{"line":79,"column":13}},"type":"if","locations":[{"start":{"line":71,"column":12},"end":{"line":79,"column":13}},{"start":{"line":71,"column":12},"end":{"line":79,"column":13}}],"line":71},"1":{"loc":{"start":{"line":119,"column":8},"end":{"line":121,"column":9}},"type":"if","locations":[{"start":{"line":119,"column":8},"end":{"line":121,"column":9}},{"start":{"line":119,"column":8},"end":{"line":121,"column":9}}],"line":119},"2":{"loc":{"start":{"line":119,"column":12},"end":{"line":119,"column":45}},"type":"binary-expr","locations":[{"start":{"line":119,"column":12},"end":{"line":119,"column":22}},{"start":{"line":119,"column":26},"end":{"line":119,"column":45}}],"line":119},"3":{"loc":{"start":{"line":122,"column":8},"end":{"line":123,"column":9}},"type":"if","locations":[{"start":{"line":122,"column":8},"end":{"line":123,"column":9}},{"start":{"line":122,"column":8},"end":{"line":123,"column":9}}],"line":122},"4":{"loc":{"start":{"line":122,"column":12},"end":{"line":122,"column":45}},"type":"binary-expr","locations":[{"start":{"line":122,"column":12},"end":{"line":122,"column":22}},{"start":{"line":122,"column":26},"end":{"line":122,"column":45}}],"line":122}},"s":{"0":0,"1":0,"2":0,"3":0,"4":0,"5":0,"6":0,"7":0,"8":0,"9":0,"10":0,"11":0,"12":0,"13":0,"14":0,"15":0,"16":0,"17":0,"18":0,"19":0,"20":0,"21":0,"22":0,"23":0,"24":0,"25":0,"26":0,"27":0,"28":0,"29":0,"30":0,"31":0,"32":0,"33":0,"34":0,"35":0,"36":0,"37":0,"38":0,"39":0,"40":0},"f":{"0":0,"1":0,"2":0,"3":0,"4":0,"5":0,"6":0,"7":0,"8":0,"9":0,"10":0,"11":0},"b":{"0":[0,0],"1":[0,0],"2":[0,0],"3":[0,0],"4":[0,0]}}
,"/Users/gang.li/Documents/Other/My Project/RN/RNWeather/src/Utils/commonUtils.js": {"path":"/Users/gang.li/Documents/Other/My Project/RN/RNWeather/src/Utils/commonUtils.js","statementMap":{"0":{"start":{"line":3,"column":26},"end":{"line":5,"column":1}},"1":{"start":{"line":4,"column":4},"end":{"line":4,"column":52}},"2":{"start":{"line":7,"column":36},"end":{"line":9,"column":1}},"3":{"start":{"line":8,"column":4},"end":{"line":8,"column":50}},"4":{"start":{"line":11,"column":32},"end":{"line":18,"column":1}},"5":{"start":{"line":12,"column":4},"end":{"line":14,"column":5}},"6":{"start":{"line":13,"column":8},"end":{"line":13,"column":18}},"7":{"start":{"line":15,"column":4},"end":{"line":17,"column":7}},"8":{"start":{"line":16,"column":8},"end":{"line":16,"column":35}},"9":{"start":{"line":20,"column":36},"end":{"line":27,"column":1}},"10":{"start":{"line":21,"column":4},"end":{"line":23,"column":5}},"11":{"start":{"line":22,"column":8},"end":{"line":22,"column":18}},"12":{"start":{"line":24,"column":4},"end":{"line":26,"column":7}},"13":{"start":{"line":25,"column":8},"end":{"line":25,"column":49}},"14":{"start":{"line":29,"column":35},"end":{"line":36,"column":1}},"15":{"start":{"line":30,"column":4},"end":{"line":32,"column":5}},"16":{"start":{"line":31,"column":8},"end":{"line":31,"column":18}},"17":{"start":{"line":33,"column":4},"end":{"line":35,"column":7}},"18":{"start":{"line":34,"column":8},"end":{"line":34,"column":28}}},"fnMap":{"0":{"name":"(anonymous_0)","decl":{"start":{"line":3,"column":26},"end":{"line":3,"column":27}},"loc":{"start":{"line":3,"column":41},"end":{"line":5,"column":1}},"line":3},"1":{"name":"(anonymous_1)","decl":{"start":{"line":7,"column":36},"end":{"line":7,"column":37}},"loc":{"start":{"line":7,"column":51},"end":{"line":9,"column":1}},"line":7},"2":{"name":"(anonymous_2)","decl":{"start":{"line":11,"column":32},"end":{"line":11,"column":33}},"loc":{"start":{"line":11,"column":47},"end":{"line":18,"column":1}},"line":11},"3":{"name":"(anonymous_3)","decl":{"start":{"line":15,"column":25},"end":{"line":15,"column":26}},"loc":{"start":{"line":15,"column":35},"end":{"line":17,"column":5}},"line":15},"4":{"name":"(anonymous_4)","decl":{"start":{"line":20,"column":36},"end":{"line":20,"column":37}},"loc":{"start":{"line":20,"column":51},"end":{"line":27,"column":1}},"line":20},"5":{"name":"(anonymous_5)","decl":{"start":{"line":24,"column":25},"end":{"line":24,"column":26}},"loc":{"start":{"line":24,"column":35},"end":{"line":26,"column":5}},"line":24},"6":{"name":"(anonymous_6)","decl":{"start":{"line":29,"column":35},"end":{"line":29,"column":36}},"loc":{"start":{"line":29,"column":50},"end":{"line":36,"column":1}},"line":29},"7":{"name":"(anonymous_7)","decl":{"start":{"line":33,"column":25},"end":{"line":33,"column":26}},"loc":{"start":{"line":33,"column":35},"end":{"line":35,"column":5}},"line":33}},"branchMap":{"0":{"loc":{"start":{"line":12,"column":4},"end":{"line":14,"column":5}},"type":"if","locations":[{"start":{"line":12,"column":4},"end":{"line":14,"column":5}},{"start":{"line":12,"column":4},"end":{"line":14,"column":5}}],"line":12},"1":{"loc":{"start":{"line":21,"column":4},"end":{"line":23,"column":5}},"type":"if","locations":[{"start":{"line":21,"column":4},"end":{"line":23,"column":5}},{"start":{"line":21,"column":4},"end":{"line":23,"column":5}}],"line":21},"2":{"loc":{"start":{"line":30,"column":4},"end":{"line":32,"column":5}},"type":"if","locations":[{"start":{"line":30,"column":4},"end":{"line":32,"column":5}},{"start":{"line":30,"column":4},"end":{"line":32,"column":5}}],"line":30}},"s":{"0":1,"1":1,"2":1,"3":0,"4":1,"5":0,"6":0,"7":0,"8":0,"9":1,"10":0,"11":0,"12":0,"13":0,"14":1,"15":0,"16":0,"17":0,"18":0},"f":{"0":1,"1":0,"2":0,"3":0,"4":0,"5":0,"6":0,"7":0},"b":{"0":[0,0],"1":[0,0],"2":[0,0]},"_coverageSchema":"1a1c01bbd47fc00a2c39e90264f33305004495a9","hash":"c4c8d185d0355fbbbab347949f17e6b92c00d171"}
}
