{"/Users/gang.li/Documents/Other/My Project/RN/RNWeather/.eslintrc.js": {"path":"/Users/gang.li/Documents/Other/My Project/RN/RNWeather/.eslintrc.js","statementMap":{"0":{"start":{"line":1,"column":0},"end":{"line":4,"column":2}}},"fnMap":{},"branchMap":{},"s":{"0":0},"f":{},"b":{}}
,"/Users/gang.li/Documents/Other/My Project/RN/RNWeather/.prettierrc.js": {"path":"/Users/gang.li/Documents/Other/My Project/RN/RNWeather/.prettierrc.js","statementMap":{"0":{"start":{"line":1,"column":0},"end":{"line":13,"column":2}}},"fnMap":{},"branchMap":{},"s":{"0":0},"f":{},"b":{}}
,"/Users/gang.li/Documents/Other/My Project/RN/RNWeather/App.js": {"path":"/Users/gang.li/Documents/Other/My Project/RN/RNWeather/App.js","statementMap":{"0":{"start":{"line":7,"column":14},"end":{"line":7,"column":42}},"1":{"start":{"line":10,"column":4},"end":{"line":10,"column":28}},"2":{"start":{"line":13,"column":15},"end":{"line":20,"column":2}}},"fnMap":{"0":{"name":"App","decl":{"start":{"line":9,"column":24},"end":{"line":9,"column":27}},"loc":{"start":{"line":9,"column":30},"end":{"line":11,"column":1}},"line":9}},"branchMap":{},"s":{"0":0,"1":0,"2":0},"f":{"0":0},"b":{}}
,"/Users/gang.li/Documents/Other/My Project/RN/RNWeather/.history/.eslintrc_20211015171415.js": {"path":"/Users/gang.li/Documents/Other/My Project/RN/RNWeather/.history/.eslintrc_20211015171415.js","statementMap":{"0":{"start":{"line":1,"column":0},"end":{"line":22,"column":2}}},"fnMap":{},"branchMap":{},"s":{"0":0},"f":{},"b":{}}
,"/Users/gang.li/Documents/Other/My Project/RN/RNWeather/.history/.eslintrc_20211015171932.js": {"path":"/Users/gang.li/Documents/Other/My Project/RN/RNWeather/.history/.eslintrc_20211015171932.js","statementMap":{"0":{"start":{"line":1,"column":0},"end":{"line":16,"column":2}}},"fnMap":{},"branchMap":{},"s":{"0":0},"f":{},"b":{}}
,"/Users/gang.li/Documents/Other/My Project/RN/RNWeather/.history/.eslintrc_20211015172040.js": {"path":"/Users/gang.li/Documents/Other/My Project/RN/RNWeather/.history/.eslintrc_20211015172040.js","statementMap":{"0":{"start":{"line":1,"column":0},"end":{"line":18,"column":2}}},"fnMap":{},"branchMap":{},"s":{"0":0},"f":{},"b":{}}
,"/Users/gang.li/Documents/Other/My Project/RN/RNWeather/.history/__tests__/Screens/HomeScreen.test_20211015152131.js": {"path":"/Users/gang.li/Documents/Other/My Project/RN/RNWeather/.history/__tests__/Screens/HomeScreen.test_20211015152131.js","statementMap":{"0":{"start":{"line":4,"column":0},"end":{"line":9,"column":3}},"1":{"start":{"line":5,"column":4},"end":{"line":8,"column":7}},"2":{"start":{"line":6,"column":31},"end":{"line":6,"column":71}},"3":{"start":{"line":7,"column":8},"end":{"line":7,"column":49}}},"fnMap":{"0":{"name":"(anonymous_0)","decl":{"start":{"line":4,"column":27},"end":{"line":4,"column":28}},"loc":{"start":{"line":4,"column":33},"end":{"line":9,"column":1}},"line":4},"1":{"name":"(anonymous_1)","decl":{"start":{"line":5,"column":31},"end":{"line":5,"column":32}},"loc":{"start":{"line":5,"column":37},"end":{"line":8,"column":5}},"line":5}},"branchMap":{},"s":{"0":0,"1":0,"2":0,"3":0},"f":{"0":0,"1":0},"b":{}}
,"/Users/gang.li/Documents/Other/My Project/RN/RNWeather/.history/__tests__/Screens/HomeScreen.test_20211017140356.js": {"path":"/Users/gang.li/Documents/Other/My Project/RN/RNWeather/.history/__tests__/Screens/HomeScreen.test_20211017140356.js","statementMap":{"0":{"start":{"line":4,"column":0},"end":{"line":9,"column":3}},"1":{"start":{"line":5,"column":4},"end":{"line":8,"column":7}},"2":{"start":{"line":6,"column":31},"end":{"line":6,"column":71}},"3":{"start":{"line":7,"column":8},"end":{"line":7,"column":49}}},"fnMap":{"0":{"name":"(anonymous_0)","decl":{"start":{"line":4,"column":27},"end":{"line":4,"column":28}},"loc":{"start":{"line":4,"column":33},"end":{"line":9,"column":1}},"line":4},"1":{"name":"(anonymous_1)","decl":{"start":{"line":5,"column":31},"end":{"line":5,"column":32}},"loc":{"start":{"line":5,"column":37},"end":{"line":8,"column":5}},"line":5}},"branchMap":{},"s":{"0":0,"1":0,"2":0,"3":0},"f":{"0":0,"1":0},"b":{}}
,"/Users/gang.li/Documents/Other/My Project/RN/RNWeather/.history/__tests__/Screens/HomeScreen.test_20211017140445.js": {"path":"/Users/gang.li/Documents/Other/My Project/RN/RNWeather/.history/__tests__/Screens/HomeScreen.test_20211017140445.js","statementMap":{"0":{"start":{"line":5,"column":0},"end":{"line":10,"column":3}},"1":{"start":{"line":6,"column":4},"end":{"line":9,"column":7}},"2":{"start":{"line":7,"column":31},"end":{"line":7,"column":71}},"3":{"start":{"line":8,"column":8},"end":{"line":8,"column":49}}},"fnMap":{"0":{"name":"(anonymous_0)","decl":{"start":{"line":5,"column":27},"end":{"line":5,"column":28}},"loc":{"start":{"line":5,"column":33},"end":{"line":10,"column":1}},"line":5},"1":{"name":"(anonymous_1)","decl":{"start":{"line":6,"column":31},"end":{"line":6,"column":32}},"loc":{"start":{"line":6,"column":37},"end":{"line":9,"column":5}},"line":6}},"branchMap":{},"s":{"0":0,"1":0,"2":0,"3":0},"f":{"0":0,"1":0},"b":{}}
,"/Users/gang.li/Documents/Other/My Project/RN/RNWeather/.history/__tests__/Screens/HomeScreenItem.test_20211017151718.js": {"path":"/Users/gang.li/Documents/Other/My Project/RN/RNWeather/.history/__tests__/Screens/HomeScreenItem.test_20211017151718.js","statementMap":{"0":{"start":{"line":4,"column":0},"end":{"line":9,"column":3}},"1":{"start":{"line":5,"column":4},"end":{"line":8,"column":7}},"2":{"start":{"line":6,"column":31},"end":{"line":6,"column":71}},"3":{"start":{"line":7,"column":8},"end":{"line":7,"column":49}}},"fnMap":{"0":{"name":"(anonymous_0)","decl":{"start":{"line":4,"column":27},"end":{"line":4,"column":28}},"loc":{"start":{"line":4,"column":33},"end":{"line":9,"column":1}},"line":4},"1":{"name":"(anonymous_1)","decl":{"start":{"line":5,"column":31},"end":{"line":5,"column":32}},"loc":{"start":{"line":5,"column":37},"end":{"line":8,"column":5}},"line":5}},"branchMap":{},"s":{"0":0,"1":0,"2":0,"3":0},"f":{"0":0,"1":0},"b":{}}
,"/Users/gang.li/Documents/Other/My Project/RN/RNWeather/.history/__tests__/Screens/HomeScreenItem.test_20211017151802.js": {"path":"/Users/gang.li/Documents/Other/My Project/RN/RNWeather/.history/__tests__/Screens/HomeScreenItem.test_20211017151802.js","statementMap":{"0":{"start":{"line":5,"column":0},"end":{"line":10,"column":3}},"1":{"start":{"line":6,"column":4},"end":{"line":9,"column":7}},"2":{"start":{"line":7,"column":31},"end":{"line":7,"column":75}},"3":{"start":{"line":8,"column":8},"end":{"line":8,"column":49}}},"fnMap":{"0":{"name":"(anonymous_0)","decl":{"start":{"line":5,"column":27},"end":{"line":5,"column":28}},"loc":{"start":{"line":5,"column":33},"end":{"line":10,"column":1}},"line":5},"1":{"name":"(anonymous_1)","decl":{"start":{"line":6,"column":31},"end":{"line":6,"column":32}},"loc":{"start":{"line":6,"column":37},"end":{"line":9,"column":5}},"line":6}},"branchMap":{},"s":{"0":0,"1":0,"2":0,"3":0},"f":{"0":0,"1":0},"b":{}}
,"/Users/gang.li/Documents/Other/My Project/RN/RNWeather/.history/__tests__/Screens/HomeScreenItem.test_20211017151901.js": {"path":"/Users/gang.li/Documents/Other/My Project/RN/RNWeather/.history/__tests__/Screens/HomeScreenItem.test_20211017151901.js","statementMap":{"0":{"start":{"line":5,"column":0},"end":{"line":11,"column":3}},"1":{"start":{"line":6,"column":18},"end":{"line":6,"column":20}},"2":{"start":{"line":7,"column":4},"end":{"line":10,"column":7}},"3":{"start":{"line":8,"column":31},"end":{"line":8,"column":75}},"4":{"start":{"line":9,"column":8},"end":{"line":9,"column":49}}},"fnMap":{"0":{"name":"(anonymous_0)","decl":{"start":{"line":5,"column":27},"end":{"line":5,"column":28}},"loc":{"start":{"line":5,"column":33},"end":{"line":11,"column":1}},"line":5},"1":{"name":"(anonymous_1)","decl":{"start":{"line":7,"column":31},"end":{"line":7,"column":32}},"loc":{"start":{"line":7,"column":37},"end":{"line":10,"column":5}},"line":7}},"branchMap":{},"s":{"0":0,"1":0,"2":0,"3":0,"4":0},"f":{"0":0,"1":0},"b":{}}
,"/Users/gang.li/Documents/Other/My Project/RN/RNWeather/.history/__tests__/Screens/HomeScreenItem.test_20211017152041.js": {"path":"/Users/gang.li/Documents/Other/My Project/RN/RNWeather/.history/__tests__/Screens/HomeScreenItem.test_20211017152041.js","statementMap":{"0":{"start":{"line":5,"column":0},"end":{"line":15,"column":3}},"1":{"start":{"line":6,"column":18},"end":{"line":10,"column":5}},"2":{"start":{"line":11,"column":4},"end":{"line":14,"column":7}},"3":{"start":{"line":12,"column":31},"end":{"line":12,"column":75}},"4":{"start":{"line":13,"column":8},"end":{"line":13,"column":49}}},"fnMap":{"0":{"name":"(anonymous_0)","decl":{"start":{"line":5,"column":27},"end":{"line":5,"column":28}},"loc":{"start":{"line":5,"column":33},"end":{"line":15,"column":1}},"line":5},"1":{"name":"(anonymous_1)","decl":{"start":{"line":11,"column":31},"end":{"line":11,"column":32}},"loc":{"start":{"line":11,"column":37},"end":{"line":14,"column":5}},"line":11}},"branchMap":{},"s":{"0":0,"1":0,"2":0,"3":0,"4":0},"f":{"0":0,"1":0},"b":{}}
,"/Users/gang.li/Documents/Other/My Project/RN/RNWeather/.history/__tests__/Screens/HomeScreenItem.test_20211017152125.js": {"path":"/Users/gang.li/Documents/Other/My Project/RN/RNWeather/.history/__tests__/Screens/HomeScreenItem.test_20211017152125.js","statementMap":{"0":{"start":{"line":5,"column":0},"end":{"line":48,"column":3}},"1":{"start":{"line":6,"column":18},"end":{"line":43,"column":5}},"2":{"start":{"line":44,"column":4},"end":{"line":47,"column":7}},"3":{"start":{"line":45,"column":31},"end":{"line":45,"column":75}},"4":{"start":{"line":46,"column":8},"end":{"line":46,"column":49}}},"fnMap":{"0":{"name":"(anonymous_0)","decl":{"start":{"line":5,"column":27},"end":{"line":5,"column":28}},"loc":{"start":{"line":5,"column":33},"end":{"line":48,"column":1}},"line":5},"1":{"name":"(anonymous_1)","decl":{"start":{"line":44,"column":31},"end":{"line":44,"column":32}},"loc":{"start":{"line":44,"column":37},"end":{"line":47,"column":5}},"line":44}},"branchMap":{},"s":{"0":0,"1":0,"2":0,"3":0,"4":0},"f":{"0":0,"1":0},"b":{}}
,"/Users/gang.li/Documents/Other/My Project/RN/RNWeather/.history/__tests__/Screens/HomeScreenItem.test_20211017152230.js": {"path":"/Users/gang.li/Documents/Other/My Project/RN/RNWeather/.history/__tests__/Screens/HomeScreenItem.test_20211017152230.js","statementMap":{"0":{"start":{"line":5,"column":0},"end":{"line":46,"column":3}},"1":{"start":{"line":6,"column":18},"end":{"line":41,"column":5}},"2":{"start":{"line":42,"column":4},"end":{"line":45,"column":7}},"3":{"start":{"line":43,"column":31},"end":{"line":43,"column":75}},"4":{"start":{"line":44,"column":8},"end":{"line":44,"column":49}}},"fnMap":{"0":{"name":"(anonymous_0)","decl":{"start":{"line":5,"column":27},"end":{"line":5,"column":28}},"loc":{"start":{"line":5,"column":33},"end":{"line":46,"column":1}},"line":5},"1":{"name":"(anonymous_1)","decl":{"start":{"line":42,"column":31},"end":{"line":42,"column":32}},"loc":{"start":{"line":42,"column":37},"end":{"line":45,"column":5}},"line":42}},"branchMap":{},"s":{"0":0,"1":0,"2":0,"3":0,"4":0},"f":{"0":0,"1":0},"b":{}}
,"/Users/gang.li/Documents/Other/My Project/RN/RNWeather/.history/__tests__/Screens/HomeScreenItem.test_20211017152244.js": {"path":"/Users/gang.li/Documents/Other/My Project/RN/RNWeather/.history/__tests__/Screens/HomeScreenItem.test_20211017152244.js","statementMap":{"0":{"start":{"line":5,"column":0},"end":{"line":48,"column":3}},"1":{"start":{"line":6,"column":18},"end":{"line":41,"column":5}},"2":{"start":{"line":42,"column":4},"end":{"line":47,"column":7}},"3":{"start":{"line":43,"column":31},"end":{"line":45,"column":21}},"4":{"start":{"line":46,"column":8},"end":{"line":46,"column":49}}},"fnMap":{"0":{"name":"(anonymous_0)","decl":{"start":{"line":5,"column":27},"end":{"line":5,"column":28}},"loc":{"start":{"line":5,"column":33},"end":{"line":48,"column":1}},"line":5},"1":{"name":"(anonymous_1)","decl":{"start":{"line":42,"column":31},"end":{"line":42,"column":32}},"loc":{"start":{"line":42,"column":37},"end":{"line":47,"column":5}},"line":42}},"branchMap":{},"s":{"0":0,"1":0,"2":0,"3":0,"4":0},"f":{"0":0,"1":0},"b":{}}
,"/Users/gang.li/Documents/Other/My Project/RN/RNWeather/.history/__tests__/Screens/HomeScreenItem.test_20211017152303.js": {"path":"/Users/gang.li/Documents/Other/My Project/RN/RNWeather/.history/__tests__/Screens/HomeScreenItem.test_20211017152303.js","statementMap":{"0":{"start":{"line":5,"column":0},"end":{"line":48,"column":3}},"1":{"start":{"line":6,"column":18},"end":{"line":41,"column":5}},"2":{"start":{"line":42,"column":4},"end":{"line":47,"column":7}},"3":{"start":{"line":43,"column":31},"end":{"line":45,"column":21}},"4":{"start":{"line":46,"column":8},"end":{"line":46,"column":49}}},"fnMap":{"0":{"name":"(anonymous_0)","decl":{"start":{"line":5,"column":31},"end":{"line":5,"column":32}},"loc":{"start":{"line":5,"column":37},"end":{"line":48,"column":1}},"line":5},"1":{"name":"(anonymous_1)","decl":{"start":{"line":42,"column":36},"end":{"line":42,"column":37}},"loc":{"start":{"line":42,"column":42},"end":{"line":47,"column":5}},"line":42}},"branchMap":{},"s":{"0":0,"1":0,"2":0,"3":0,"4":0},"f":{"0":0,"1":0},"b":{}}
,"/Users/gang.li/Documents/Other/My Project/RN/RNWeather/.history/src/Assets/Colors_20210928163002.js": {"path":"/Users/gang.li/Documents/Other/My Project/RN/RNWeather/.history/src/Assets/Colors_20210928163002.js","statementMap":{},"fnMap":{},"branchMap":{},"s":{},"f":{},"b":{}}
,"/Users/gang.li/Documents/Other/My Project/RN/RNWeather/.history/src/Assets/Colors_20211015171648.js": {"path":"/Users/gang.li/Documents/Other/My Project/RN/RNWeather/.history/src/Assets/Colors_20211015171648.js","statementMap":{},"fnMap":{},"branchMap":{},"s":{},"f":{},"b":{}}
,"/Users/gang.li/Documents/Other/My Project/RN/RNWeather/.history/src/Assets/Colors_20211015171657.js": {"path":"/Users/gang.li/Documents/Other/My Project/RN/RNWeather/.history/src/Assets/Colors_20211015171657.js","statementMap":{},"fnMap":{},"branchMap":{},"s":{},"f":{},"b":{}}
,"/Users/gang.li/Documents/Other/My Project/RN/RNWeather/.history/src/Screens/HomeScreenItem_20211017145435.js": {"path":"/Users/gang.li/Documents/Other/My Project/RN/RNWeather/.history/src/Screens/HomeScreenItem_20211017145435.js","statementMap":{},"fnMap":{},"branchMap":{},"s":{},"f":{},"b":{}}
,"/Users/gang.li/Documents/Other/My Project/RN/RNWeather/.history/src/Screens/HomeScreenItem_20211017145612.js": {"path":"/Users/gang.li/Documents/Other/My Project/RN/RNWeather/.history/src/Screens/HomeScreenItem_20211017145612.js","statementMap":{"0":{"start":{"line":4,"column":18},"end":{"line":4,"column":34}},"1":{"start":{"line":5,"column":18},"end":{"line":5,"column":33}},"2":{"start":{"line":6,"column":18},"end":{"line":6,"column":33}},"3":{"start":{"line":7,"column":18},"end":{"line":7,"column":38}},"4":{"start":{"line":8,"column":19},"end":{"line":8,"column":52}},"5":{"start":{"line":9,"column":22},"end":{"line":9,"column":24}},"6":{"start":{"line":10,"column":4},"end":{"line":12,"column":5}},"7":{"start":{"line":11,"column":8},"end":{"line":11,"column":42}},"8":{"start":{"line":13,"column":4},"end":{"line":14,"column":5}},"9":{"start":{"line":16,"column":22},"end":{"line":16,"column":68}},"10":{"start":{"line":17,"column":27},"end":{"line":17,"column":37}},"11":{"start":{"line":18,"column":4},"end":{"line":46,"column":6}},"12":{"start":{"line":22,"column":16},"end":{"line":25,"column":19}}},"fnMap":{"0":{"name":"(anonymous_0)","decl":{"start":{"line":3,"column":32},"end":{"line":3,"column":33}},"loc":{"start":{"line":3,"column":49},"end":{"line":47,"column":1}},"line":3},"1":{"name":"(anonymous_1)","decl":{"start":{"line":20,"column":21},"end":{"line":20,"column":22}},"loc":{"start":{"line":20,"column":27},"end":{"line":26,"column":13}},"line":20}},"branchMap":{"0":{"loc":{"start":{"line":10,"column":4},"end":{"line":12,"column":5}},"type":"if","locations":[{"start":{"line":10,"column":4},"end":{"line":12,"column":5}},{"start":{"line":10,"column":4},"end":{"line":12,"column":5}}],"line":10},"1":{"loc":{"start":{"line":10,"column":8},"end":{"line":10,"column":41}},"type":"binary-expr","locations":[{"start":{"line":10,"column":8},"end":{"line":10,"column":18}},{"start":{"line":10,"column":22},"end":{"line":10,"column":41}}],"line":10},"2":{"loc":{"start":{"line":13,"column":4},"end":{"line":14,"column":5}},"type":"if","locations":[{"start":{"line":13,"column":4},"end":{"line":14,"column":5}},{"start":{"line":13,"column":4},"end":{"line":14,"column":5}}],"line":13},"3":{"loc":{"start":{"line":13,"column":8},"end":{"line":13,"column":41}},"type":"binary-expr","locations":[{"start":{"line":13,"column":8},"end":{"line":13,"column":18}},{"start":{"line":13,"column":22},"end":{"line":13,"column":41}}],"line":13}},"s":{"0":0,"1":0,"2":0,"3":0,"4":0,"5":0,"6":0,"7":0,"8":0,"9":0,"10":0,"11":0,"12":0},"f":{"0":0,"1":0},"b":{"0":[0,0],"1":[0,0],"2":[0,0],"3":[0,0]}}
,"/Users/gang.li/Documents/Other/My Project/RN/RNWeather/.history/src/Screens/HomeScreenItem_20211017145702.js": {"path":"/Users/gang.li/Documents/Other/My Project/RN/RNWeather/.history/src/Screens/HomeScreenItem_20211017145702.js","statementMap":{"0":{"start":{"line":4,"column":18},"end":{"line":4,"column":34}},"1":{"start":{"line":5,"column":18},"end":{"line":5,"column":33}},"2":{"start":{"line":6,"column":18},"end":{"line":6,"column":33}},"3":{"start":{"line":7,"column":18},"end":{"line":7,"column":38}},"4":{"start":{"line":8,"column":19},"end":{"line":8,"column":52}},"5":{"start":{"line":9,"column":22},"end":{"line":9,"column":24}},"6":{"start":{"line":10,"column":4},"end":{"line":12,"column":5}},"7":{"start":{"line":11,"column":8},"end":{"line":11,"column":42}},"8":{"start":{"line":13,"column":4},"end":{"line":14,"column":5}},"9":{"start":{"line":16,"column":22},"end":{"line":16,"column":68}},"10":{"start":{"line":17,"column":27},"end":{"line":17,"column":37}},"11":{"start":{"line":18,"column":4},"end":{"line":46,"column":6}},"12":{"start":{"line":22,"column":16},"end":{"line":25,"column":19}}},"fnMap":{"0":{"name":"(anonymous_0)","decl":{"start":{"line":3,"column":32},"end":{"line":3,"column":33}},"loc":{"start":{"line":3,"column":49},"end":{"line":47,"column":1}},"line":3},"1":{"name":"(anonymous_1)","decl":{"start":{"line":20,"column":21},"end":{"line":20,"column":22}},"loc":{"start":{"line":20,"column":27},"end":{"line":26,"column":13}},"line":20}},"branchMap":{"0":{"loc":{"start":{"line":10,"column":4},"end":{"line":12,"column":5}},"type":"if","locations":[{"start":{"line":10,"column":4},"end":{"line":12,"column":5}},{"start":{"line":10,"column":4},"end":{"line":12,"column":5}}],"line":10},"1":{"loc":{"start":{"line":10,"column":8},"end":{"line":10,"column":41}},"type":"binary-expr","locations":[{"start":{"line":10,"column":8},"end":{"line":10,"column":18}},{"start":{"line":10,"column":22},"end":{"line":10,"column":41}}],"line":10},"2":{"loc":{"start":{"line":13,"column":4},"end":{"line":14,"column":5}},"type":"if","locations":[{"start":{"line":13,"column":4},"end":{"line":14,"column":5}},{"start":{"line":13,"column":4},"end":{"line":14,"column":5}}],"line":13},"3":{"loc":{"start":{"line":13,"column":8},"end":{"line":13,"column":41}},"type":"binary-expr","locations":[{"start":{"line":13,"column":8},"end":{"line":13,"column":18}},{"start":{"line":13,"column":22},"end":{"line":13,"column":41}}],"line":13}},"s":{"0":0,"1":0,"2":0,"3":0,"4":0,"5":0,"6":0,"7":0,"8":0,"9":0,"10":0,"11":0,"12":0},"f":{"0":0,"1":0},"b":{"0":[0,0],"1":[0,0],"2":[0,0],"3":[0,0]}}
,"/Users/gang.li/Documents/Other/My Project/RN/RNWeather/.history/src/Screens/HomeScreenItem_20211017145747.js": {"path":"/Users/gang.li/Documents/Other/My Project/RN/RNWeather/.history/src/Screens/HomeScreenItem_20211017145747.js","statementMap":{"0":{"start":{"line":4,"column":18},"end":{"line":4,"column":34}},"1":{"start":{"line":5,"column":18},"end":{"line":5,"column":33}},"2":{"start":{"line":6,"column":18},"end":{"line":6,"column":33}},"3":{"start":{"line":7,"column":18},"end":{"line":7,"column":38}},"4":{"start":{"line":8,"column":19},"end":{"line":8,"column":52}},"5":{"start":{"line":9,"column":22},"end":{"line":9,"column":24}},"6":{"start":{"line":10,"column":4},"end":{"line":12,"column":5}},"7":{"start":{"line":11,"column":8},"end":{"line":11,"column":42}},"8":{"start":{"line":13,"column":4},"end":{"line":14,"column":5}},"9":{"start":{"line":16,"column":22},"end":{"line":16,"column":68}},"10":{"start":{"line":17,"column":27},"end":{"line":17,"column":37}},"11":{"start":{"line":18,"column":4},"end":{"line":46,"column":6}},"12":{"start":{"line":22,"column":16},"end":{"line":25,"column":19}}},"fnMap":{"0":{"name":"(anonymous_0)","decl":{"start":{"line":3,"column":32},"end":{"line":3,"column":33}},"loc":{"start":{"line":3,"column":66},"end":{"line":47,"column":1}},"line":3},"1":{"name":"(anonymous_1)","decl":{"start":{"line":20,"column":21},"end":{"line":20,"column":22}},"loc":{"start":{"line":20,"column":27},"end":{"line":26,"column":13}},"line":20}},"branchMap":{"0":{"loc":{"start":{"line":10,"column":4},"end":{"line":12,"column":5}},"type":"if","locations":[{"start":{"line":10,"column":4},"end":{"line":12,"column":5}},{"start":{"line":10,"column":4},"end":{"line":12,"column":5}}],"line":10},"1":{"loc":{"start":{"line":10,"column":8},"end":{"line":10,"column":41}},"type":"binary-expr","locations":[{"start":{"line":10,"column":8},"end":{"line":10,"column":18}},{"start":{"line":10,"column":22},"end":{"line":10,"column":41}}],"line":10},"2":{"loc":{"start":{"line":13,"column":4},"end":{"line":14,"column":5}},"type":"if","locations":[{"start":{"line":13,"column":4},"end":{"line":14,"column":5}},{"start":{"line":13,"column":4},"end":{"line":14,"column":5}}],"line":13},"3":{"loc":{"start":{"line":13,"column":8},"end":{"line":13,"column":41}},"type":"binary-expr","locations":[{"start":{"line":13,"column":8},"end":{"line":13,"column":18}},{"start":{"line":13,"column":22},"end":{"line":13,"column":41}}],"line":13}},"s":{"0":0,"1":0,"2":0,"3":0,"4":0,"5":0,"6":0,"7":0,"8":0,"9":0,"10":0,"11":0,"12":0},"f":{"0":0,"1":0},"b":{"0":[0,0],"1":[0,0],"2":[0,0],"3":[0,0]}}
,"/Users/gang.li/Documents/Other/My Project/RN/RNWeather/.history/src/Screens/HomeScreenItem_20211017150004.js": {"path":"/Users/gang.li/Documents/Other/My Project/RN/RNWeather/.history/src/Screens/HomeScreenItem_20211017150004.js","statementMap":{"0":{"start":{"line":4,"column":18},"end":{"line":4,"column":34}},"1":{"start":{"line":5,"column":18},"end":{"line":5,"column":33}},"2":{"start":{"line":6,"column":18},"end":{"line":6,"column":33}},"3":{"start":{"line":7,"column":18},"end":{"line":7,"column":38}},"4":{"start":{"line":9,"column":22},"end":{"line":9,"column":24}},"5":{"start":{"line":10,"column":4},"end":{"line":12,"column":5}},"6":{"start":{"line":11,"column":8},"end":{"line":11,"column":42}},"7":{"start":{"line":13,"column":4},"end":{"line":14,"column":5}},"8":{"start":{"line":16,"column":22},"end":{"line":16,"column":68}},"9":{"start":{"line":17,"column":27},"end":{"line":17,"column":37}},"10":{"start":{"line":18,"column":4},"end":{"line":44,"column":6}},"11":{"start":{"line":21,"column":16},"end":{"line":23,"column":17}},"12":{"start":{"line":22,"column":20},"end":{"line":22,"column":49}}},"fnMap":{"0":{"name":"(anonymous_0)","decl":{"start":{"line":3,"column":32},"end":{"line":3,"column":33}},"loc":{"start":{"line":3,"column":74},"end":{"line":45,"column":1}},"line":3},"1":{"name":"(anonymous_1)","decl":{"start":{"line":20,"column":21},"end":{"line":20,"column":22}},"loc":{"start":{"line":20,"column":27},"end":{"line":24,"column":13}},"line":20}},"branchMap":{"0":{"loc":{"start":{"line":10,"column":4},"end":{"line":12,"column":5}},"type":"if","locations":[{"start":{"line":10,"column":4},"end":{"line":12,"column":5}},{"start":{"line":10,"column":4},"end":{"line":12,"column":5}}],"line":10},"1":{"loc":{"start":{"line":10,"column":8},"end":{"line":10,"column":41}},"type":"binary-expr","locations":[{"start":{"line":10,"column":8},"end":{"line":10,"column":18}},{"start":{"line":10,"column":22},"end":{"line":10,"column":41}}],"line":10},"2":{"loc":{"start":{"line":13,"column":4},"end":{"line":14,"column":5}},"type":"if","locations":[{"start":{"line":13,"column":4},"end":{"line":14,"column":5}},{"start":{"line":13,"column":4},"end":{"line":14,"column":5}}],"line":13},"3":{"loc":{"start":{"line":13,"column":8},"end":{"line":13,"column":41}},"type":"binary-expr","locations":[{"start":{"line":13,"column":8},"end":{"line":13,"column":18}},{"start":{"line":13,"column":22},"end":{"line":13,"column":41}}],"line":13},"4":{"loc":{"start":{"line":21,"column":16},"end":{"line":23,"column":17}},"type":"if","locations":[{"start":{"line":21,"column":16},"end":{"line":23,"column":17}},{"start":{"line":21,"column":16},"end":{"line":23,"column":17}}],"line":21}},"s":{"0":0,"1":0,"2":0,"3":0,"4":0,"5":0,"6":0,"7":0,"8":0,"9":0,"10":0,"11":0,"12":0},"f":{"0":0,"1":0},"b":{"0":[0,0],"1":[0,0],"2":[0,0],"3":[0,0],"4":[0,0]}}
,"/Users/gang.li/Documents/Other/My Project/RN/RNWeather/.history/src/Screens/HomeScreenItem_20211017150020.js": {"path":"/Users/gang.li/Documents/Other/My Project/RN/RNWeather/.history/src/Screens/HomeScreenItem_20211017150020.js","statementMap":{"0":{"start":{"line":5,"column":18},"end":{"line":5,"column":34}},"1":{"start":{"line":6,"column":18},"end":{"line":6,"column":33}},"2":{"start":{"line":7,"column":18},"end":{"line":7,"column":33}},"3":{"start":{"line":8,"column":18},"end":{"line":8,"column":38}},"4":{"start":{"line":10,"column":22},"end":{"line":10,"column":24}},"5":{"start":{"line":11,"column":4},"end":{"line":13,"column":5}},"6":{"start":{"line":12,"column":8},"end":{"line":12,"column":42}},"7":{"start":{"line":14,"column":4},"end":{"line":15,"column":5}},"8":{"start":{"line":17,"column":22},"end":{"line":17,"column":68}},"9":{"start":{"line":18,"column":27},"end":{"line":18,"column":37}},"10":{"start":{"line":19,"column":4},"end":{"line":45,"column":6}},"11":{"start":{"line":22,"column":16},"end":{"line":24,"column":17}},"12":{"start":{"line":23,"column":20},"end":{"line":23,"column":49}}},"fnMap":{"0":{"name":"(anonymous_0)","decl":{"start":{"line":4,"column":32},"end":{"line":4,"column":33}},"loc":{"start":{"line":4,"column":74},"end":{"line":46,"column":1}},"line":4},"1":{"name":"(anonymous_1)","decl":{"start":{"line":21,"column":21},"end":{"line":21,"column":22}},"loc":{"start":{"line":21,"column":27},"end":{"line":25,"column":13}},"line":21}},"branchMap":{"0":{"loc":{"start":{"line":11,"column":4},"end":{"line":13,"column":5}},"type":"if","locations":[{"start":{"line":11,"column":4},"end":{"line":13,"column":5}},{"start":{"line":11,"column":4},"end":{"line":13,"column":5}}],"line":11},"1":{"loc":{"start":{"line":11,"column":8},"end":{"line":11,"column":41}},"type":"binary-expr","locations":[{"start":{"line":11,"column":8},"end":{"line":11,"column":18}},{"start":{"line":11,"column":22},"end":{"line":11,"column":41}}],"line":11},"2":{"loc":{"start":{"line":14,"column":4},"end":{"line":15,"column":5}},"type":"if","locations":[{"start":{"line":14,"column":4},"end":{"line":15,"column":5}},{"start":{"line":14,"column":4},"end":{"line":15,"column":5}}],"line":14},"3":{"loc":{"start":{"line":14,"column":8},"end":{"line":14,"column":41}},"type":"binary-expr","locations":[{"start":{"line":14,"column":8},"end":{"line":14,"column":18}},{"start":{"line":14,"column":22},"end":{"line":14,"column":41}}],"line":14},"4":{"loc":{"start":{"line":22,"column":16},"end":{"line":24,"column":17}},"type":"if","locations":[{"start":{"line":22,"column":16},"end":{"line":24,"column":17}},{"start":{"line":22,"column":16},"end":{"line":24,"column":17}}],"line":22}},"s":{"0":0,"1":0,"2":0,"3":0,"4":0,"5":0,"6":0,"7":0,"8":0,"9":0,"10":0,"11":0,"12":0},"f":{"0":0,"1":0},"b":{"0":[0,0],"1":[0,0],"2":[0,0],"3":[0,0],"4":[0,0]}}
,"/Users/gang.li/Documents/Other/My Project/RN/RNWeather/.history/src/Screens/HomeScreenItem_20211017150309.js": {"path":"/Users/gang.li/Documents/Other/My Project/RN/RNWeather/.history/src/Screens/HomeScreenItem_20211017150309.js","statementMap":{"0":{"start":{"line":5,"column":18},"end":{"line":5,"column":34}},"1":{"start":{"line":6,"column":18},"end":{"line":6,"column":33}},"2":{"start":{"line":7,"column":18},"end":{"line":7,"column":33}},"3":{"start":{"line":8,"column":18},"end":{"line":8,"column":38}},"4":{"start":{"line":10,"column":22},"end":{"line":10,"column":24}},"5":{"start":{"line":11,"column":4},"end":{"line":13,"column":5}},"6":{"start":{"line":12,"column":8},"end":{"line":12,"column":42}},"7":{"start":{"line":14,"column":4},"end":{"line":15,"column":5}},"8":{"start":{"line":17,"column":22},"end":{"line":17,"column":68}},"9":{"start":{"line":18,"column":27},"end":{"line":18,"column":37}},"10":{"start":{"line":19,"column":4},"end":{"line":45,"column":6}},"11":{"start":{"line":22,"column":16},"end":{"line":24,"column":17}},"12":{"start":{"line":23,"column":20},"end":{"line":23,"column":49}}},"fnMap":{"0":{"name":"(anonymous_0)","decl":{"start":{"line":4,"column":32},"end":{"line":4,"column":33}},"loc":{"start":{"line":4,"column":78},"end":{"line":46,"column":1}},"line":4},"1":{"name":"(anonymous_1)","decl":{"start":{"line":21,"column":21},"end":{"line":21,"column":22}},"loc":{"start":{"line":21,"column":27},"end":{"line":25,"column":13}},"line":21}},"branchMap":{"0":{"loc":{"start":{"line":11,"column":4},"end":{"line":13,"column":5}},"type":"if","locations":[{"start":{"line":11,"column":4},"end":{"line":13,"column":5}},{"start":{"line":11,"column":4},"end":{"line":13,"column":5}}],"line":11},"1":{"loc":{"start":{"line":11,"column":8},"end":{"line":11,"column":41}},"type":"binary-expr","locations":[{"start":{"line":11,"column":8},"end":{"line":11,"column":18}},{"start":{"line":11,"column":22},"end":{"line":11,"column":41}}],"line":11},"2":{"loc":{"start":{"line":14,"column":4},"end":{"line":15,"column":5}},"type":"if","locations":[{"start":{"line":14,"column":4},"end":{"line":15,"column":5}},{"start":{"line":14,"column":4},"end":{"line":15,"column":5}}],"line":14},"3":{"loc":{"start":{"line":14,"column":8},"end":{"line":14,"column":41}},"type":"binary-expr","locations":[{"start":{"line":14,"column":8},"end":{"line":14,"column":18}},{"start":{"line":14,"column":22},"end":{"line":14,"column":41}}],"line":14},"4":{"loc":{"start":{"line":22,"column":16},"end":{"line":24,"column":17}},"type":"if","locations":[{"start":{"line":22,"column":16},"end":{"line":24,"column":17}},{"start":{"line":22,"column":16},"end":{"line":24,"column":17}}],"line":22}},"s":{"0":0,"1":0,"2":0,"3":0,"4":0,"5":0,"6":0,"7":0,"8":0,"9":0,"10":0,"11":0,"12":0},"f":{"0":0,"1":0},"b":{"0":[0,0],"1":[0,0],"2":[0,0],"3":[0,0],"4":[0,0]}}
,"/Users/gang.li/Documents/Other/My Project/RN/RNWeather/.history/src/Screens/HomeScreenItem_20211017150941.js": {"path":"/Users/gang.li/Documents/Other/My Project/RN/RNWeather/.history/src/Screens/HomeScreenItem_20211017150941.js","statementMap":{"0":{"start":{"line":5,"column":18},"end":{"line":5,"column":34}},"1":{"start":{"line":6,"column":18},"end":{"line":6,"column":33}},"2":{"start":{"line":7,"column":18},"end":{"line":7,"column":33}},"3":{"start":{"line":8,"column":18},"end":{"line":8,"column":38}},"4":{"start":{"line":10,"column":22},"end":{"line":10,"column":24}},"5":{"start":{"line":11,"column":4},"end":{"line":13,"column":5}},"6":{"start":{"line":12,"column":8},"end":{"line":12,"column":42}},"7":{"start":{"line":14,"column":4},"end":{"line":15,"column":5}},"8":{"start":{"line":17,"column":27},"end":{"line":17,"column":37}},"9":{"start":{"line":18,"column":4},"end":{"line":44,"column":6}},"10":{"start":{"line":21,"column":16},"end":{"line":23,"column":17}},"11":{"start":{"line":22,"column":20},"end":{"line":22,"column":38}}},"fnMap":{"0":{"name":"(anonymous_0)","decl":{"start":{"line":4,"column":32},"end":{"line":4,"column":33}},"loc":{"start":{"line":4,"column":78},"end":{"line":45,"column":1}},"line":4},"1":{"name":"(anonymous_1)","decl":{"start":{"line":20,"column":21},"end":{"line":20,"column":22}},"loc":{"start":{"line":20,"column":27},"end":{"line":24,"column":13}},"line":20}},"branchMap":{"0":{"loc":{"start":{"line":11,"column":4},"end":{"line":13,"column":5}},"type":"if","locations":[{"start":{"line":11,"column":4},"end":{"line":13,"column":5}},{"start":{"line":11,"column":4},"end":{"line":13,"column":5}}],"line":11},"1":{"loc":{"start":{"line":11,"column":8},"end":{"line":11,"column":41}},"type":"binary-expr","locations":[{"start":{"line":11,"column":8},"end":{"line":11,"column":18}},{"start":{"line":11,"column":22},"end":{"line":11,"column":41}}],"line":11},"2":{"loc":{"start":{"line":14,"column":4},"end":{"line":15,"column":5}},"type":"if","locations":[{"start":{"line":14,"column":4},"end":{"line":15,"column":5}},{"start":{"line":14,"column":4},"end":{"line":15,"column":5}}],"line":14},"3":{"loc":{"start":{"line":14,"column":8},"end":{"line":14,"column":41}},"type":"binary-expr","locations":[{"start":{"line":14,"column":8},"end":{"line":14,"column":18}},{"start":{"line":14,"column":22},"end":{"line":14,"column":41}}],"line":14},"4":{"loc":{"start":{"line":21,"column":16},"end":{"line":23,"column":17}},"type":"if","locations":[{"start":{"line":21,"column":16},"end":{"line":23,"column":17}},{"start":{"line":21,"column":16},"end":{"line":23,"column":17}}],"line":21}},"s":{"0":0,"1":0,"2":0,"3":0,"4":0,"5":0,"6":0,"7":0,"8":0,"9":0,"10":0,"11":0},"f":{"0":0,"1":0},"b":{"0":[0,0],"1":[0,0],"2":[0,0],"3":[0,0],"4":[0,0]}}
,"/Users/gang.li/Documents/Other/My Project/RN/RNWeather/.history/src/Screens/HomeScreenItem_20211017151002.js": {"path":"/Users/gang.li/Documents/Other/My Project/RN/RNWeather/.history/src/Screens/HomeScreenItem_20211017151002.js","statementMap":{"0":{"start":{"line":5,"column":18},"end":{"line":5,"column":34}},"1":{"start":{"line":6,"column":18},"end":{"line":6,"column":33}},"2":{"start":{"line":7,"column":18},"end":{"line":7,"column":33}},"3":{"start":{"line":8,"column":18},"end":{"line":8,"column":38}},"4":{"start":{"line":9,"column":22},"end":{"line":9,"column":24}},"5":{"start":{"line":10,"column":4},"end":{"line":12,"column":5}},"6":{"start":{"line":11,"column":8},"end":{"line":11,"column":42}},"7":{"start":{"line":13,"column":4},"end":{"line":14,"column":5}},"8":{"start":{"line":16,"column":27},"end":{"line":16,"column":37}},"9":{"start":{"line":17,"column":4},"end":{"line":43,"column":6}},"10":{"start":{"line":20,"column":16},"end":{"line":22,"column":17}},"11":{"start":{"line":21,"column":20},"end":{"line":21,"column":38}}},"fnMap":{"0":{"name":"(anonymous_0)","decl":{"start":{"line":4,"column":32},"end":{"line":4,"column":33}},"loc":{"start":{"line":4,"column":78},"end":{"line":44,"column":1}},"line":4},"1":{"name":"(anonymous_1)","decl":{"start":{"line":19,"column":21},"end":{"line":19,"column":22}},"loc":{"start":{"line":19,"column":27},"end":{"line":23,"column":13}},"line":19}},"branchMap":{"0":{"loc":{"start":{"line":10,"column":4},"end":{"line":12,"column":5}},"type":"if","locations":[{"start":{"line":10,"column":4},"end":{"line":12,"column":5}},{"start":{"line":10,"column":4},"end":{"line":12,"column":5}}],"line":10},"1":{"loc":{"start":{"line":10,"column":8},"end":{"line":10,"column":41}},"type":"binary-expr","locations":[{"start":{"line":10,"column":8},"end":{"line":10,"column":18}},{"start":{"line":10,"column":22},"end":{"line":10,"column":41}}],"line":10},"2":{"loc":{"start":{"line":13,"column":4},"end":{"line":14,"column":5}},"type":"if","locations":[{"start":{"line":13,"column":4},"end":{"line":14,"column":5}},{"start":{"line":13,"column":4},"end":{"line":14,"column":5}}],"line":13},"3":{"loc":{"start":{"line":13,"column":8},"end":{"line":13,"column":41}},"type":"binary-expr","locations":[{"start":{"line":13,"column":8},"end":{"line":13,"column":18}},{"start":{"line":13,"column":22},"end":{"line":13,"column":41}}],"line":13},"4":{"loc":{"start":{"line":20,"column":16},"end":{"line":22,"column":17}},"type":"if","locations":[{"start":{"line":20,"column":16},"end":{"line":22,"column":17}},{"start":{"line":20,"column":16},"end":{"line":22,"column":17}}],"line":20}},"s":{"0":0,"1":0,"2":0,"3":0,"4":0,"5":0,"6":0,"7":0,"8":0,"9":0,"10":0,"11":0},"f":{"0":0,"1":0},"b":{"0":[0,0],"1":[0,0],"2":[0,0],"3":[0,0],"4":[0,0]}}
,"/Users/gang.li/Documents/Other/My Project/RN/RNWeather/.history/src/Screens/HomeScreenItem_20211017151053.js": {"path":"/Users/gang.li/Documents/Other/My Project/RN/RNWeather/.history/src/Screens/HomeScreenItem_20211017151053.js","statementMap":{"0":{"start":{"line":5,"column":18},"end":{"line":5,"column":34}},"1":{"start":{"line":6,"column":18},"end":{"line":6,"column":33}},"2":{"start":{"line":7,"column":18},"end":{"line":7,"column":33}},"3":{"start":{"line":8,"column":18},"end":{"line":8,"column":38}},"4":{"start":{"line":9,"column":22},"end":{"line":9,"column":24}},"5":{"start":{"line":10,"column":4},"end":{"line":12,"column":5}},"6":{"start":{"line":11,"column":8},"end":{"line":11,"column":42}},"7":{"start":{"line":13,"column":4},"end":{"line":14,"column":5}},"8":{"start":{"line":16,"column":4},"end":{"line":42,"column":6}},"9":{"start":{"line":19,"column":16},"end":{"line":21,"column":17}},"10":{"start":{"line":20,"column":20},"end":{"line":20,"column":38}}},"fnMap":{"0":{"name":"(anonymous_0)","decl":{"start":{"line":4,"column":32},"end":{"line":4,"column":33}},"loc":{"start":{"line":4,"column":78},"end":{"line":43,"column":1}},"line":4},"1":{"name":"(anonymous_1)","decl":{"start":{"line":18,"column":21},"end":{"line":18,"column":22}},"loc":{"start":{"line":18,"column":27},"end":{"line":22,"column":13}},"line":18}},"branchMap":{"0":{"loc":{"start":{"line":10,"column":4},"end":{"line":12,"column":5}},"type":"if","locations":[{"start":{"line":10,"column":4},"end":{"line":12,"column":5}},{"start":{"line":10,"column":4},"end":{"line":12,"column":5}}],"line":10},"1":{"loc":{"start":{"line":10,"column":8},"end":{"line":10,"column":41}},"type":"binary-expr","locations":[{"start":{"line":10,"column":8},"end":{"line":10,"column":18}},{"start":{"line":10,"column":22},"end":{"line":10,"column":41}}],"line":10},"2":{"loc":{"start":{"line":13,"column":4},"end":{"line":14,"column":5}},"type":"if","locations":[{"start":{"line":13,"column":4},"end":{"line":14,"column":5}},{"start":{"line":13,"column":4},"end":{"line":14,"column":5}}],"line":13},"3":{"loc":{"start":{"line":13,"column":8},"end":{"line":13,"column":41}},"type":"binary-expr","locations":[{"start":{"line":13,"column":8},"end":{"line":13,"column":18}},{"start":{"line":13,"column":22},"end":{"line":13,"column":41}}],"line":13},"4":{"loc":{"start":{"line":19,"column":16},"end":{"line":21,"column":17}},"type":"if","locations":[{"start":{"line":19,"column":16},"end":{"line":21,"column":17}},{"start":{"line":19,"column":16},"end":{"line":21,"column":17}}],"line":19}},"s":{"0":0,"1":0,"2":0,"3":0,"4":0,"5":0,"6":0,"7":0,"8":0,"9":0,"10":0},"f":{"0":0,"1":0},"b":{"0":[0,0],"1":[0,0],"2":[0,0],"3":[0,0],"4":[0,0]}}
,"/Users/gang.li/Documents/Other/My Project/RN/RNWeather/.history/src/Screens/HomeScreenItem_20211017151140.js": {"path":"/Users/gang.li/Documents/Other/My Project/RN/RNWeather/.history/src/Screens/HomeScreenItem_20211017151140.js","statementMap":{"0":{"start":{"line":5,"column":18},"end":{"line":5,"column":34}},"1":{"start":{"line":6,"column":18},"end":{"line":6,"column":33}},"2":{"start":{"line":7,"column":18},"end":{"line":7,"column":33}},"3":{"start":{"line":8,"column":18},"end":{"line":8,"column":38}},"4":{"start":{"line":9,"column":22},"end":{"line":9,"column":24}},"5":{"start":{"line":10,"column":4},"end":{"line":12,"column":5}},"6":{"start":{"line":11,"column":8},"end":{"line":11,"column":42}},"7":{"start":{"line":13,"column":4},"end":{"line":14,"column":5}},"8":{"start":{"line":16,"column":4},"end":{"line":42,"column":6}},"9":{"start":{"line":19,"column":16},"end":{"line":21,"column":17}},"10":{"start":{"line":20,"column":20},"end":{"line":20,"column":38}}},"fnMap":{"0":{"name":"(anonymous_0)","decl":{"start":{"line":4,"column":32},"end":{"line":4,"column":33}},"loc":{"start":{"line":4,"column":78},"end":{"line":43,"column":1}},"line":4},"1":{"name":"(anonymous_1)","decl":{"start":{"line":18,"column":21},"end":{"line":18,"column":22}},"loc":{"start":{"line":18,"column":27},"end":{"line":22,"column":13}},"line":18}},"branchMap":{"0":{"loc":{"start":{"line":10,"column":4},"end":{"line":12,"column":5}},"type":"if","locations":[{"start":{"line":10,"column":4},"end":{"line":12,"column":5}},{"start":{"line":10,"column":4},"end":{"line":12,"column":5}}],"line":10},"1":{"loc":{"start":{"line":10,"column":8},"end":{"line":10,"column":41}},"type":"binary-expr","locations":[{"start":{"line":10,"column":8},"end":{"line":10,"column":18}},{"start":{"line":10,"column":22},"end":{"line":10,"column":41}}],"line":10},"2":{"loc":{"start":{"line":13,"column":4},"end":{"line":14,"column":5}},"type":"if","locations":[{"start":{"line":13,"column":4},"end":{"line":14,"column":5}},{"start":{"line":13,"column":4},"end":{"line":14,"column":5}}],"line":13},"3":{"loc":{"start":{"line":13,"column":8},"end":{"line":13,"column":41}},"type":"binary-expr","locations":[{"start":{"line":13,"column":8},"end":{"line":13,"column":18}},{"start":{"line":13,"column":22},"end":{"line":13,"column":41}}],"line":13},"4":{"loc":{"start":{"line":19,"column":16},"end":{"line":21,"column":17}},"type":"if","locations":[{"start":{"line":19,"column":16},"end":{"line":21,"column":17}},{"start":{"line":19,"column":16},"end":{"line":21,"column":17}}],"line":19}},"s":{"0":0,"1":0,"2":0,"3":0,"4":0,"5":0,"6":0,"7":0,"8":0,"9":0,"10":0},"f":{"0":0,"1":0},"b":{"0":[0,0],"1":[0,0],"2":[0,0],"3":[0,0],"4":[0,0]}}
,"/Users/gang.li/Documents/Other/My Project/RN/RNWeather/.history/src/Screens/HomeScreenItem_20211017151318.js": {"path":"/Users/gang.li/Documents/Other/My Project/RN/RNWeather/.history/src/Screens/HomeScreenItem_20211017151318.js","statementMap":{"0":{"start":{"line":5,"column":18},"end":{"line":5,"column":34}},"1":{"start":{"line":6,"column":18},"end":{"line":6,"column":33}},"2":{"start":{"line":7,"column":18},"end":{"line":7,"column":33}},"3":{"start":{"line":8,"column":18},"end":{"line":8,"column":38}},"4":{"start":{"line":9,"column":22},"end":{"line":9,"column":24}},"5":{"start":{"line":10,"column":4},"end":{"line":12,"column":5}},"6":{"start":{"line":11,"column":8},"end":{"line":11,"column":42}},"7":{"start":{"line":13,"column":4},"end":{"line":14,"column":5}},"8":{"start":{"line":16,"column":4},"end":{"line":42,"column":6}},"9":{"start":{"line":19,"column":16},"end":{"line":21,"column":17}},"10":{"start":{"line":20,"column":20},"end":{"line":20,"column":38}}},"fnMap":{"0":{"name":"(anonymous_0)","decl":{"start":{"line":4,"column":32},"end":{"line":4,"column":33}},"loc":{"start":{"line":4,"column":78},"end":{"line":43,"column":1}},"line":4},"1":{"name":"(anonymous_1)","decl":{"start":{"line":18,"column":21},"end":{"line":18,"column":22}},"loc":{"start":{"line":18,"column":27},"end":{"line":22,"column":13}},"line":18}},"branchMap":{"0":{"loc":{"start":{"line":10,"column":4},"end":{"line":12,"column":5}},"type":"if","locations":[{"start":{"line":10,"column":4},"end":{"line":12,"column":5}},{"start":{"line":10,"column":4},"end":{"line":12,"column":5}}],"line":10},"1":{"loc":{"start":{"line":10,"column":8},"end":{"line":10,"column":41}},"type":"binary-expr","locations":[{"start":{"line":10,"column":8},"end":{"line":10,"column":18}},{"start":{"line":10,"column":22},"end":{"line":10,"column":41}}],"line":10},"2":{"loc":{"start":{"line":13,"column":4},"end":{"line":14,"column":5}},"type":"if","locations":[{"start":{"line":13,"column":4},"end":{"line":14,"column":5}},{"start":{"line":13,"column":4},"end":{"line":14,"column":5}}],"line":13},"3":{"loc":{"start":{"line":13,"column":8},"end":{"line":13,"column":41}},"type":"binary-expr","locations":[{"start":{"line":13,"column":8},"end":{"line":13,"column":18}},{"start":{"line":13,"column":22},"end":{"line":13,"column":41}}],"line":13},"4":{"loc":{"start":{"line":19,"column":16},"end":{"line":21,"column":17}},"type":"if","locations":[{"start":{"line":19,"column":16},"end":{"line":21,"column":17}},{"start":{"line":19,"column":16},"end":{"line":21,"column":17}}],"line":19}},"s":{"0":0,"1":0,"2":0,"3":0,"4":0,"5":0,"6":0,"7":0,"8":0,"9":0,"10":0},"f":{"0":0,"1":0},"b":{"0":[0,0],"1":[0,0],"2":[0,0],"3":[0,0],"4":[0,0]}}
,"/Users/gang.li/Documents/Other/My Project/RN/RNWeather/.history/src/Screens/HomeScreenItem_20211017151422.js": {"path":"/Users/gang.li/Documents/Other/My Project/RN/RNWeather/.history/src/Screens/HomeScreenItem_20211017151422.js","statementMap":{"0":{"start":{"line":6,"column":18},"end":{"line":6,"column":34}},"1":{"start":{"line":7,"column":18},"end":{"line":7,"column":33}},"2":{"start":{"line":8,"column":18},"end":{"line":8,"column":33}},"3":{"start":{"line":9,"column":18},"end":{"line":9,"column":38}},"4":{"start":{"line":10,"column":22},"end":{"line":10,"column":24}},"5":{"start":{"line":11,"column":4},"end":{"line":13,"column":5}},"6":{"start":{"line":12,"column":8},"end":{"line":12,"column":42}},"7":{"start":{"line":14,"column":4},"end":{"line":15,"column":5}},"8":{"start":{"line":17,"column":4},"end":{"line":43,"column":6}},"9":{"start":{"line":20,"column":16},"end":{"line":22,"column":17}},"10":{"start":{"line":21,"column":20},"end":{"line":21,"column":38}}},"fnMap":{"0":{"name":"(anonymous_0)","decl":{"start":{"line":5,"column":32},"end":{"line":5,"column":33}},"loc":{"start":{"line":5,"column":78},"end":{"line":44,"column":1}},"line":5},"1":{"name":"(anonymous_1)","decl":{"start":{"line":19,"column":21},"end":{"line":19,"column":22}},"loc":{"start":{"line":19,"column":27},"end":{"line":23,"column":13}},"line":19}},"branchMap":{"0":{"loc":{"start":{"line":11,"column":4},"end":{"line":13,"column":5}},"type":"if","locations":[{"start":{"line":11,"column":4},"end":{"line":13,"column":5}},{"start":{"line":11,"column":4},"end":{"line":13,"column":5}}],"line":11},"1":{"loc":{"start":{"line":11,"column":8},"end":{"line":11,"column":41}},"type":"binary-expr","locations":[{"start":{"line":11,"column":8},"end":{"line":11,"column":18}},{"start":{"line":11,"column":22},"end":{"line":11,"column":41}}],"line":11},"2":{"loc":{"start":{"line":14,"column":4},"end":{"line":15,"column":5}},"type":"if","locations":[{"start":{"line":14,"column":4},"end":{"line":15,"column":5}},{"start":{"line":14,"column":4},"end":{"line":15,"column":5}}],"line":14},"3":{"loc":{"start":{"line":14,"column":8},"end":{"line":14,"column":41}},"type":"binary-expr","locations":[{"start":{"line":14,"column":8},"end":{"line":14,"column":18}},{"start":{"line":14,"column":22},"end":{"line":14,"column":41}}],"line":14},"4":{"loc":{"start":{"line":20,"column":16},"end":{"line":22,"column":17}},"type":"if","locations":[{"start":{"line":20,"column":16},"end":{"line":22,"column":17}},{"start":{"line":20,"column":16},"end":{"line":22,"column":17}}],"line":20}},"s":{"0":0,"1":0,"2":0,"3":0,"4":0,"5":0,"6":0,"7":0,"8":0,"9":0,"10":0},"f":{"0":0,"1":0},"b":{"0":[0,0],"1":[0,0],"2":[0,0],"3":[0,0],"4":[0,0]}}
,"/Users/gang.li/Documents/Other/My Project/RN/RNWeather/.history/src/Screens/HomeScreenItem_20211017151541.js": {"path":"/Users/gang.li/Documents/Other/My Project/RN/RNWeather/.history/src/Screens/HomeScreenItem_20211017151541.js","statementMap":{"0":{"start":{"line":5,"column":15},"end":{"line":25,"column":2}},"1":{"start":{"line":28,"column":18},"end":{"line":28,"column":34}},"2":{"start":{"line":29,"column":18},"end":{"line":29,"column":33}},"3":{"start":{"line":30,"column":18},"end":{"line":30,"column":33}},"4":{"start":{"line":31,"column":18},"end":{"line":31,"column":38}},"5":{"start":{"line":32,"column":22},"end":{"line":32,"column":24}},"6":{"start":{"line":33,"column":4},"end":{"line":35,"column":5}},"7":{"start":{"line":34,"column":8},"end":{"line":34,"column":42}},"8":{"start":{"line":36,"column":4},"end":{"line":37,"column":5}},"9":{"start":{"line":39,"column":4},"end":{"line":65,"column":6}},"10":{"start":{"line":42,"column":16},"end":{"line":44,"column":17}},"11":{"start":{"line":43,"column":20},"end":{"line":43,"column":38}}},"fnMap":{"0":{"name":"(anonymous_0)","decl":{"start":{"line":27,"column":32},"end":{"line":27,"column":33}},"loc":{"start":{"line":27,"column":78},"end":{"line":66,"column":1}},"line":27},"1":{"name":"(anonymous_1)","decl":{"start":{"line":41,"column":21},"end":{"line":41,"column":22}},"loc":{"start":{"line":41,"column":27},"end":{"line":45,"column":13}},"line":41}},"branchMap":{"0":{"loc":{"start":{"line":33,"column":4},"end":{"line":35,"column":5}},"type":"if","locations":[{"start":{"line":33,"column":4},"end":{"line":35,"column":5}},{"start":{"line":33,"column":4},"end":{"line":35,"column":5}}],"line":33},"1":{"loc":{"start":{"line":33,"column":8},"end":{"line":33,"column":41}},"type":"binary-expr","locations":[{"start":{"line":33,"column":8},"end":{"line":33,"column":18}},{"start":{"line":33,"column":22},"end":{"line":33,"column":41}}],"line":33},"2":{"loc":{"start":{"line":36,"column":4},"end":{"line":37,"column":5}},"type":"if","locations":[{"start":{"line":36,"column":4},"end":{"line":37,"column":5}},{"start":{"line":36,"column":4},"end":{"line":37,"column":5}}],"line":36},"3":{"loc":{"start":{"line":36,"column":8},"end":{"line":36,"column":41}},"type":"binary-expr","locations":[{"start":{"line":36,"column":8},"end":{"line":36,"column":18}},{"start":{"line":36,"column":22},"end":{"line":36,"column":41}}],"line":36},"4":{"loc":{"start":{"line":42,"column":16},"end":{"line":44,"column":17}},"type":"if","locations":[{"start":{"line":42,"column":16},"end":{"line":44,"column":17}},{"start":{"line":42,"column":16},"end":{"line":44,"column":17}}],"line":42}},"s":{"0":0,"1":0,"2":0,"3":0,"4":0,"5":0,"6":0,"7":0,"8":0,"9":0,"10":0,"11":0},"f":{"0":0,"1":0},"b":{"0":[0,0],"1":[0,0],"2":[0,0],"3":[0,0],"4":[0,0]}}
,"/Users/gang.li/Documents/Other/My Project/RN/RNWeather/.history/src/Screens/HomeScreenItem_20211017151602.js": {"path":"/Users/gang.li/Documents/Other/My Project/RN/RNWeather/.history/src/Screens/HomeScreenItem_20211017151602.js","statementMap":{"0":{"start":{"line":6,"column":15},"end":{"line":26,"column":2}},"1":{"start":{"line":29,"column":18},"end":{"line":29,"column":34}},"2":{"start":{"line":30,"column":18},"end":{"line":30,"column":33}},"3":{"start":{"line":31,"column":18},"end":{"line":31,"column":33}},"4":{"start":{"line":32,"column":18},"end":{"line":32,"column":38}},"5":{"start":{"line":33,"column":22},"end":{"line":33,"column":24}},"6":{"start":{"line":34,"column":4},"end":{"line":36,"column":5}},"7":{"start":{"line":35,"column":8},"end":{"line":35,"column":42}},"8":{"start":{"line":37,"column":4},"end":{"line":38,"column":5}},"9":{"start":{"line":40,"column":4},"end":{"line":66,"column":6}},"10":{"start":{"line":43,"column":16},"end":{"line":45,"column":17}},"11":{"start":{"line":44,"column":20},"end":{"line":44,"column":38}}},"fnMap":{"0":{"name":"(anonymous_0)","decl":{"start":{"line":28,"column":32},"end":{"line":28,"column":33}},"loc":{"start":{"line":28,"column":78},"end":{"line":67,"column":1}},"line":28},"1":{"name":"(anonymous_1)","decl":{"start":{"line":42,"column":21},"end":{"line":42,"column":22}},"loc":{"start":{"line":42,"column":27},"end":{"line":46,"column":13}},"line":42}},"branchMap":{"0":{"loc":{"start":{"line":34,"column":4},"end":{"line":36,"column":5}},"type":"if","locations":[{"start":{"line":34,"column":4},"end":{"line":36,"column":5}},{"start":{"line":34,"column":4},"end":{"line":36,"column":5}}],"line":34},"1":{"loc":{"start":{"line":34,"column":8},"end":{"line":34,"column":41}},"type":"binary-expr","locations":[{"start":{"line":34,"column":8},"end":{"line":34,"column":18}},{"start":{"line":34,"column":22},"end":{"line":34,"column":41}}],"line":34},"2":{"loc":{"start":{"line":37,"column":4},"end":{"line":38,"column":5}},"type":"if","locations":[{"start":{"line":37,"column":4},"end":{"line":38,"column":5}},{"start":{"line":37,"column":4},"end":{"line":38,"column":5}}],"line":37},"3":{"loc":{"start":{"line":37,"column":8},"end":{"line":37,"column":41}},"type":"binary-expr","locations":[{"start":{"line":37,"column":8},"end":{"line":37,"column":18}},{"start":{"line":37,"column":22},"end":{"line":37,"column":41}}],"line":37},"4":{"loc":{"start":{"line":43,"column":16},"end":{"line":45,"column":17}},"type":"if","locations":[{"start":{"line":43,"column":16},"end":{"line":45,"column":17}},{"start":{"line":43,"column":16},"end":{"line":45,"column":17}}],"line":43}},"s":{"0":0,"1":0,"2":0,"3":0,"4":0,"5":0,"6":0,"7":0,"8":0,"9":0,"10":0,"11":0},"f":{"0":0,"1":0},"b":{"0":[0,0],"1":[0,0],"2":[0,0],"3":[0,0],"4":[0,0]}}
,"/Users/gang.li/Documents/Other/My Project/RN/RNWeather/.history/src/Screens/HomeScreenItem_20211017152147.js": {"path":"/Users/gang.li/Documents/Other/My Project/RN/RNWeather/.history/src/Screens/HomeScreenItem_20211017152147.js","statementMap":{"0":{"start":{"line":6,"column":15},"end":{"line":26,"column":2}},"1":{"start":{"line":29,"column":18},"end":{"line":29,"column":34}},"2":{"start":{"line":30,"column":18},"end":{"line":30,"column":33}},"3":{"start":{"line":31,"column":18},"end":{"line":31,"column":33}},"4":{"start":{"line":32,"column":18},"end":{"line":32,"column":38}},"5":{"start":{"line":34,"column":4},"end":{"line":60,"column":6}},"6":{"start":{"line":37,"column":16},"end":{"line":39,"column":17}},"7":{"start":{"line":38,"column":20},"end":{"line":38,"column":38}}},"fnMap":{"0":{"name":"(anonymous_0)","decl":{"start":{"line":28,"column":32},"end":{"line":28,"column":33}},"loc":{"start":{"line":28,"column":63},"end":{"line":61,"column":1}},"line":28},"1":{"name":"(anonymous_1)","decl":{"start":{"line":36,"column":21},"end":{"line":36,"column":22}},"loc":{"start":{"line":36,"column":27},"end":{"line":40,"column":13}},"line":36}},"branchMap":{"0":{"loc":{"start":{"line":37,"column":16},"end":{"line":39,"column":17}},"type":"if","locations":[{"start":{"line":37,"column":16},"end":{"line":39,"column":17}},{"start":{"line":37,"column":16},"end":{"line":39,"column":17}}],"line":37}},"s":{"0":0,"1":0,"2":0,"3":0,"4":0,"5":0,"6":0,"7":0},"f":{"0":0,"1":0},"b":{"0":[0,0]}}
,"/Users/gang.li/Documents/Other/My Project/RN/RNWeather/.history/src/Screens/HomeScreen_20211015152100.js": {"path":"/Users/gang.li/Documents/Other/My Project/RN/RNWeather/.history/src/Screens/HomeScreen_20211015152100.js","statementMap":{"0":{"start":{"line":16,"column":15},"end":{"line":53,"column":2}},"1":{"start":{"line":57,"column":8},"end":{"line":57,"column":21}},"2":{"start":{"line":59,"column":8},"end":{"line":62,"column":10}},"3":{"start":{"line":66,"column":8},"end":{"line":66,"column":29}},"4":{"start":{"line":69,"column":20},"end":{"line":84,"column":5}},"5":{"start":{"line":70,"column":8},"end":{"line":83,"column":11}},"6":{"start":{"line":71,"column":12},"end":{"line":79,"column":13}},"7":{"start":{"line":72,"column":16},"end":{"line":72,"column":63}},"8":{"start":{"line":73,"column":16},"end":{"line":73,"column":74}},"9":{"start":{"line":74,"column":16},"end":{"line":77,"column":19}},"10":{"start":{"line":78,"column":16},"end":{"line":78,"column":23}},"11":{"start":{"line":80,"column":12},"end":{"line":82,"column":15}},"12":{"start":{"line":86,"column":19},"end":{"line":110,"column":5}},"13":{"start":{"line":87,"column":24},"end":{"line":87,"column":58}},"14":{"start":{"line":88,"column":31},"end":{"line":88,"column":50}},"15":{"start":{"line":89,"column":21},"end":{"line":89,"column":44}},"16":{"start":{"line":90,"column":31},"end":{"line":90,"column":41}},"17":{"start":{"line":91,"column":8},"end":{"line":109,"column":10}},"18":{"start":{"line":112,"column":17},"end":{"line":156,"column":5}},"19":{"start":{"line":113,"column":22},"end":{"line":113,"column":38}},"20":{"start":{"line":114,"column":22},"end":{"line":114,"column":37}},"21":{"start":{"line":115,"column":22},"end":{"line":115,"column":37}},"22":{"start":{"line":116,"column":22},"end":{"line":116,"column":42}},"23":{"start":{"line":117,"column":23},"end":{"line":117,"column":56}},"24":{"start":{"line":118,"column":26},"end":{"line":118,"column":28}},"25":{"start":{"line":119,"column":8},"end":{"line":121,"column":9}},"26":{"start":{"line":120,"column":12},"end":{"line":120,"column":46}},"27":{"start":{"line":122,"column":8},"end":{"line":123,"column":9}},"28":{"start":{"line":125,"column":26},"end":{"line":125,"column":72}},"29":{"start":{"line":126,"column":31},"end":{"line":126,"column":41}},"30":{"start":{"line":127,"column":8},"end":{"line":155,"column":10}},"31":{"start":{"line":131,"column":20},"end":{"line":134,"column":23}},"32":{"start":{"line":159,"column":47},"end":{"line":159,"column":57}},"33":{"start":{"line":160,"column":28},"end":{"line":160,"column":49}},"34":{"start":{"line":161,"column":8},"end":{"line":189,"column":10}},"35":{"start":{"line":168,"column":47},"end":{"line":168,"column":66}},"36":{"start":{"line":170,"column":24},"end":{"line":170,"column":52}},"37":{"start":{"line":172,"column":44},"end":{"line":172,"column":64}},"38":{"start":{"line":179,"column":32},"end":{"line":179,"column":58}},"39":{"start":{"line":180,"column":32},"end":{"line":182,"column":35}},"40":{"start":{"line":183,"column":32},"end":{"line":183,"column":53}}},"fnMap":{"0":{"name":"(anonymous_0)","decl":{"start":{"line":56,"column":4},"end":{"line":56,"column":5}},"loc":{"start":{"line":56,"column":23},"end":{"line":63,"column":5}},"line":56},"1":{"name":"(anonymous_1)","decl":{"start":{"line":65,"column":4},"end":{"line":65,"column":5}},"loc":{"start":{"line":65,"column":24},"end":{"line":67,"column":5}},"line":65},"2":{"name":"(anonymous_2)","decl":{"start":{"line":69,"column":20},"end":{"line":69,"column":21}},"loc":{"start":{"line":69,"column":26},"end":{"line":84,"column":5}},"line":69},"3":{"name":"(anonymous_3)","decl":{"start":{"line":70,"column":27},"end":{"line":70,"column":28}},"loc":{"start":{"line":70,"column":37},"end":{"line":83,"column":9}},"line":70},"4":{"name":"(anonymous_4)","decl":{"start":{"line":86,"column":19},"end":{"line":86,"column":20}},"loc":{"start":{"line":86,"column":25},"end":{"line":110,"column":5}},"line":86},"5":{"name":"(anonymous_5)","decl":{"start":{"line":112,"column":17},"end":{"line":112,"column":18}},"loc":{"start":{"line":112,"column":34},"end":{"line":156,"column":5}},"line":112},"6":{"name":"(anonymous_6)","decl":{"start":{"line":129,"column":25},"end":{"line":129,"column":26}},"loc":{"start":{"line":129,"column":31},"end":{"line":135,"column":17}},"line":129},"7":{"name":"(anonymous_7)","decl":{"start":{"line":158,"column":4},"end":{"line":158,"column":5}},"loc":{"start":{"line":158,"column":13},"end":{"line":190,"column":5}},"line":158},"8":{"name":"(anonymous_8)","decl":{"start":{"line":168,"column":41},"end":{"line":168,"column":42}},"loc":{"start":{"line":168,"column":47},"end":{"line":168,"column":66}},"line":168},"9":{"name":"(anonymous_9)","decl":{"start":{"line":169,"column":32},"end":{"line":169,"column":33}},"loc":{"start":{"line":170,"column":24},"end":{"line":170,"column":52}},"line":170},"10":{"name":"(anonymous_10)","decl":{"start":{"line":172,"column":34},"end":{"line":172,"column":35}},"loc":{"start":{"line":172,"column":44},"end":{"line":172,"column":64}},"line":172},"11":{"name":"(anonymous_11)","decl":{"start":{"line":178,"column":39},"end":{"line":178,"column":40}},"loc":{"start":{"line":178,"column":45},"end":{"line":184,"column":29}},"line":178}},"branchMap":{"0":{"loc":{"start":{"line":71,"column":12},"end":{"line":79,"column":13}},"type":"if","locations":[{"start":{"line":71,"column":12},"end":{"line":79,"column":13}},{"start":{"line":71,"column":12},"end":{"line":79,"column":13}}],"line":71},"1":{"loc":{"start":{"line":119,"column":8},"end":{"line":121,"column":9}},"type":"if","locations":[{"start":{"line":119,"column":8},"end":{"line":121,"column":9}},{"start":{"line":119,"column":8},"end":{"line":121,"column":9}}],"line":119},"2":{"loc":{"start":{"line":119,"column":12},"end":{"line":119,"column":45}},"type":"binary-expr","locations":[{"start":{"line":119,"column":12},"end":{"line":119,"column":22}},{"start":{"line":119,"column":26},"end":{"line":119,"column":45}}],"line":119},"3":{"loc":{"start":{"line":122,"column":8},"end":{"line":123,"column":9}},"type":"if","locations":[{"start":{"line":122,"column":8},"end":{"line":123,"column":9}},{"start":{"line":122,"column":8},"end":{"line":123,"column":9}}],"line":122},"4":{"loc":{"start":{"line":122,"column":12},"end":{"line":122,"column":45}},"type":"binary-expr","locations":[{"start":{"line":122,"column":12},"end":{"line":122,"column":22}},{"start":{"line":122,"column":26},"end":{"line":122,"column":45}}],"line":122}},"s":{"0":0,"1":0,"2":0,"3":0,"4":0,"5":0,"6":0,"7":0,"8":0,"9":0,"10":0,"11":0,"12":0,"13":0,"14":0,"15":0,"16":0,"17":0,"18":0,"19":0,"20":0,"21":0,"22":0,"23":0,"24":0,"25":0,"26":0,"27":0,"28":0,"29":0,"30":0,"31":0,"32":0,"33":0,"34":0,"35":0,"36":0,"37":0,"38":0,"39":0,"40":0},"f":{"0":0,"1":0,"2":0,"3":0,"4":0,"5":0,"6":0,"7":0,"8":0,"9":0,"10":0,"11":0},"b":{"0":[0,0],"1":[0,0],"2":[0,0],"3":[0,0],"4":[0,0]}}
,"/Users/gang.li/Documents/Other/My Project/RN/RNWeather/.history/src/Screens/HomeScreen_20211017150839.js": {"path":"/Users/gang.li/Documents/Other/My Project/RN/RNWeather/.history/src/Screens/HomeScreen_20211017150839.js","statementMap":{"0":{"start":{"line":17,"column":15},"end":{"line":54,"column":2}},"1":{"start":{"line":58,"column":8},"end":{"line":58,"column":21}},"2":{"start":{"line":60,"column":8},"end":{"line":63,"column":10}},"3":{"start":{"line":67,"column":8},"end":{"line":67,"column":29}},"4":{"start":{"line":70,"column":20},"end":{"line":85,"column":5}},"5":{"start":{"line":71,"column":8},"end":{"line":84,"column":11}},"6":{"start":{"line":72,"column":12},"end":{"line":80,"column":13}},"7":{"start":{"line":73,"column":16},"end":{"line":73,"column":63}},"8":{"start":{"line":74,"column":16},"end":{"line":74,"column":74}},"9":{"start":{"line":75,"column":16},"end":{"line":78,"column":19}},"10":{"start":{"line":79,"column":16},"end":{"line":79,"column":23}},"11":{"start":{"line":81,"column":12},"end":{"line":83,"column":15}},"12":{"start":{"line":87,"column":19},"end":{"line":111,"column":5}},"13":{"start":{"line":88,"column":24},"end":{"line":88,"column":58}},"14":{"start":{"line":89,"column":31},"end":{"line":89,"column":50}},"15":{"start":{"line":90,"column":21},"end":{"line":90,"column":44}},"16":{"start":{"line":91,"column":31},"end":{"line":91,"column":41}},"17":{"start":{"line":92,"column":8},"end":{"line":110,"column":10}},"18":{"start":{"line":113,"column":17},"end":{"line":125,"column":5}},"19":{"start":{"line":114,"column":23},"end":{"line":114,"column":56}},"20":{"start":{"line":116,"column":31},"end":{"line":116,"column":41}},"21":{"start":{"line":117,"column":8},"end":{"line":124,"column":10}},"22":{"start":{"line":128,"column":47},"end":{"line":128,"column":57}},"23":{"start":{"line":129,"column":28},"end":{"line":129,"column":49}},"24":{"start":{"line":130,"column":8},"end":{"line":158,"column":10}},"25":{"start":{"line":137,"column":47},"end":{"line":137,"column":66}},"26":{"start":{"line":139,"column":24},"end":{"line":139,"column":52}},"27":{"start":{"line":141,"column":44},"end":{"line":141,"column":64}},"28":{"start":{"line":148,"column":32},"end":{"line":148,"column":58}},"29":{"start":{"line":149,"column":32},"end":{"line":151,"column":35}},"30":{"start":{"line":152,"column":32},"end":{"line":152,"column":53}}},"fnMap":{"0":{"name":"(anonymous_0)","decl":{"start":{"line":57,"column":4},"end":{"line":57,"column":5}},"loc":{"start":{"line":57,"column":23},"end":{"line":64,"column":5}},"line":57},"1":{"name":"(anonymous_1)","decl":{"start":{"line":66,"column":4},"end":{"line":66,"column":5}},"loc":{"start":{"line":66,"column":24},"end":{"line":68,"column":5}},"line":66},"2":{"name":"(anonymous_2)","decl":{"start":{"line":70,"column":20},"end":{"line":70,"column":21}},"loc":{"start":{"line":70,"column":26},"end":{"line":85,"column":5}},"line":70},"3":{"name":"(anonymous_3)","decl":{"start":{"line":71,"column":27},"end":{"line":71,"column":28}},"loc":{"start":{"line":71,"column":37},"end":{"line":84,"column":9}},"line":71},"4":{"name":"(anonymous_4)","decl":{"start":{"line":87,"column":19},"end":{"line":87,"column":20}},"loc":{"start":{"line":87,"column":25},"end":{"line":111,"column":5}},"line":87},"5":{"name":"(anonymous_5)","decl":{"start":{"line":113,"column":17},"end":{"line":113,"column":18}},"loc":{"start":{"line":113,"column":34},"end":{"line":125,"column":5}},"line":113},"6":{"name":"(anonymous_6)","decl":{"start":{"line":122,"column":33},"end":{"line":122,"column":34}},"loc":{"start":{"line":122,"column":39},"end":{"line":122,"column":41}},"line":122},"7":{"name":"(anonymous_7)","decl":{"start":{"line":127,"column":4},"end":{"line":127,"column":5}},"loc":{"start":{"line":127,"column":13},"end":{"line":159,"column":5}},"line":127},"8":{"name":"(anonymous_8)","decl":{"start":{"line":137,"column":41},"end":{"line":137,"column":42}},"loc":{"start":{"line":137,"column":47},"end":{"line":137,"column":66}},"line":137},"9":{"name":"(anonymous_9)","decl":{"start":{"line":138,"column":32},"end":{"line":138,"column":33}},"loc":{"start":{"line":139,"column":24},"end":{"line":139,"column":52}},"line":139},"10":{"name":"(anonymous_10)","decl":{"start":{"line":141,"column":34},"end":{"line":141,"column":35}},"loc":{"start":{"line":141,"column":44},"end":{"line":141,"column":64}},"line":141},"11":{"name":"(anonymous_11)","decl":{"start":{"line":147,"column":39},"end":{"line":147,"column":40}},"loc":{"start":{"line":147,"column":45},"end":{"line":153,"column":29}},"line":147}},"branchMap":{"0":{"loc":{"start":{"line":72,"column":12},"end":{"line":80,"column":13}},"type":"if","locations":[{"start":{"line":72,"column":12},"end":{"line":80,"column":13}},{"start":{"line":72,"column":12},"end":{"line":80,"column":13}}],"line":72}},"s":{"0":0,"1":0,"2":0,"3":0,"4":0,"5":0,"6":0,"7":0,"8":0,"9":0,"10":0,"11":0,"12":0,"13":0,"14":0,"15":0,"16":0,"17":0,"18":0,"19":0,"20":0,"21":0,"22":0,"23":0,"24":0,"25":0,"26":0,"27":0,"28":0,"29":0,"30":0},"f":{"0":0,"1":0,"2":0,"3":0,"4":0,"5":0,"6":0,"7":0,"8":0,"9":0,"10":0,"11":0},"b":{"0":[0,0]}}
,"/Users/gang.li/Documents/Other/My Project/RN/RNWeather/.history/src/Screens/HomeScreen_20211017150948.js": {"path":"/Users/gang.li/Documents/Other/My Project/RN/RNWeather/.history/src/Screens/HomeScreen_20211017150948.js","statementMap":{"0":{"start":{"line":17,"column":15},"end":{"line":54,"column":2}},"1":{"start":{"line":58,"column":8},"end":{"line":58,"column":21}},"2":{"start":{"line":60,"column":8},"end":{"line":63,"column":10}},"3":{"start":{"line":67,"column":8},"end":{"line":67,"column":29}},"4":{"start":{"line":70,"column":20},"end":{"line":85,"column":5}},"5":{"start":{"line":71,"column":8},"end":{"line":84,"column":11}},"6":{"start":{"line":72,"column":12},"end":{"line":80,"column":13}},"7":{"start":{"line":73,"column":16},"end":{"line":73,"column":63}},"8":{"start":{"line":74,"column":16},"end":{"line":74,"column":74}},"9":{"start":{"line":75,"column":16},"end":{"line":78,"column":19}},"10":{"start":{"line":79,"column":16},"end":{"line":79,"column":23}},"11":{"start":{"line":81,"column":12},"end":{"line":83,"column":15}},"12":{"start":{"line":87,"column":19},"end":{"line":111,"column":5}},"13":{"start":{"line":88,"column":24},"end":{"line":88,"column":58}},"14":{"start":{"line":89,"column":31},"end":{"line":89,"column":50}},"15":{"start":{"line":90,"column":21},"end":{"line":90,"column":44}},"16":{"start":{"line":91,"column":31},"end":{"line":91,"column":41}},"17":{"start":{"line":92,"column":8},"end":{"line":110,"column":10}},"18":{"start":{"line":113,"column":17},"end":{"line":130,"column":5}},"19":{"start":{"line":114,"column":23},"end":{"line":114,"column":56}},"20":{"start":{"line":115,"column":26},"end":{"line":115,"column":72}},"21":{"start":{"line":116,"column":31},"end":{"line":116,"column":41}},"22":{"start":{"line":117,"column":8},"end":{"line":129,"column":10}},"23":{"start":{"line":123,"column":20},"end":{"line":126,"column":23}},"24":{"start":{"line":133,"column":47},"end":{"line":133,"column":57}},"25":{"start":{"line":134,"column":28},"end":{"line":134,"column":49}},"26":{"start":{"line":135,"column":8},"end":{"line":163,"column":10}},"27":{"start":{"line":142,"column":47},"end":{"line":142,"column":66}},"28":{"start":{"line":144,"column":24},"end":{"line":144,"column":52}},"29":{"start":{"line":146,"column":44},"end":{"line":146,"column":64}},"30":{"start":{"line":153,"column":32},"end":{"line":153,"column":58}},"31":{"start":{"line":154,"column":32},"end":{"line":156,"column":35}},"32":{"start":{"line":157,"column":32},"end":{"line":157,"column":53}}},"fnMap":{"0":{"name":"(anonymous_0)","decl":{"start":{"line":57,"column":4},"end":{"line":57,"column":5}},"loc":{"start":{"line":57,"column":23},"end":{"line":64,"column":5}},"line":57},"1":{"name":"(anonymous_1)","decl":{"start":{"line":66,"column":4},"end":{"line":66,"column":5}},"loc":{"start":{"line":66,"column":24},"end":{"line":68,"column":5}},"line":66},"2":{"name":"(anonymous_2)","decl":{"start":{"line":70,"column":20},"end":{"line":70,"column":21}},"loc":{"start":{"line":70,"column":26},"end":{"line":85,"column":5}},"line":70},"3":{"name":"(anonymous_3)","decl":{"start":{"line":71,"column":27},"end":{"line":71,"column":28}},"loc":{"start":{"line":71,"column":37},"end":{"line":84,"column":9}},"line":71},"4":{"name":"(anonymous_4)","decl":{"start":{"line":87,"column":19},"end":{"line":87,"column":20}},"loc":{"start":{"line":87,"column":25},"end":{"line":111,"column":5}},"line":87},"5":{"name":"(anonymous_5)","decl":{"start":{"line":113,"column":17},"end":{"line":113,"column":18}},"loc":{"start":{"line":113,"column":34},"end":{"line":130,"column":5}},"line":113},"6":{"name":"(anonymous_6)","decl":{"start":{"line":122,"column":33},"end":{"line":122,"column":34}},"loc":{"start":{"line":122,"column":39},"end":{"line":127,"column":17}},"line":122},"7":{"name":"(anonymous_7)","decl":{"start":{"line":132,"column":4},"end":{"line":132,"column":5}},"loc":{"start":{"line":132,"column":13},"end":{"line":164,"column":5}},"line":132},"8":{"name":"(anonymous_8)","decl":{"start":{"line":142,"column":41},"end":{"line":142,"column":42}},"loc":{"start":{"line":142,"column":47},"end":{"line":142,"column":66}},"line":142},"9":{"name":"(anonymous_9)","decl":{"start":{"line":143,"column":32},"end":{"line":143,"column":33}},"loc":{"start":{"line":144,"column":24},"end":{"line":144,"column":52}},"line":144},"10":{"name":"(anonymous_10)","decl":{"start":{"line":146,"column":34},"end":{"line":146,"column":35}},"loc":{"start":{"line":146,"column":44},"end":{"line":146,"column":64}},"line":146},"11":{"name":"(anonymous_11)","decl":{"start":{"line":152,"column":39},"end":{"line":152,"column":40}},"loc":{"start":{"line":152,"column":45},"end":{"line":158,"column":29}},"line":152}},"branchMap":{"0":{"loc":{"start":{"line":72,"column":12},"end":{"line":80,"column":13}},"type":"if","locations":[{"start":{"line":72,"column":12},"end":{"line":80,"column":13}},{"start":{"line":72,"column":12},"end":{"line":80,"column":13}}],"line":72}},"s":{"0":0,"1":0,"2":0,"3":0,"4":0,"5":0,"6":0,"7":0,"8":0,"9":0,"10":0,"11":0,"12":0,"13":0,"14":0,"15":0,"16":0,"17":0,"18":0,"19":0,"20":0,"21":0,"22":0,"23":0,"24":0,"25":0,"26":0,"27":0,"28":0,"29":0,"30":0,"31":0,"32":0},"f":{"0":0,"1":0,"2":0,"3":0,"4":0,"5":0,"6":0,"7":0,"8":0,"9":0,"10":0,"11":0},"b":{"0":[0,0]}}
,"/Users/gang.li/Documents/Other/My Project/RN/RNWeather/.history/src/Screens/HomeScreen_20211017151018.js": {"path":"/Users/gang.li/Documents/Other/My Project/RN/RNWeather/.history/src/Screens/HomeScreen_20211017151018.js","statementMap":{"0":{"start":{"line":17,"column":15},"end":{"line":54,"column":2}},"1":{"start":{"line":58,"column":8},"end":{"line":58,"column":21}},"2":{"start":{"line":60,"column":8},"end":{"line":63,"column":10}},"3":{"start":{"line":67,"column":8},"end":{"line":67,"column":29}},"4":{"start":{"line":70,"column":20},"end":{"line":85,"column":5}},"5":{"start":{"line":71,"column":8},"end":{"line":84,"column":11}},"6":{"start":{"line":72,"column":12},"end":{"line":80,"column":13}},"7":{"start":{"line":73,"column":16},"end":{"line":73,"column":63}},"8":{"start":{"line":74,"column":16},"end":{"line":74,"column":74}},"9":{"start":{"line":75,"column":16},"end":{"line":78,"column":19}},"10":{"start":{"line":79,"column":16},"end":{"line":79,"column":23}},"11":{"start":{"line":81,"column":12},"end":{"line":83,"column":15}},"12":{"start":{"line":87,"column":19},"end":{"line":111,"column":5}},"13":{"start":{"line":88,"column":24},"end":{"line":88,"column":58}},"14":{"start":{"line":89,"column":31},"end":{"line":89,"column":50}},"15":{"start":{"line":90,"column":21},"end":{"line":90,"column":44}},"16":{"start":{"line":91,"column":31},"end":{"line":91,"column":41}},"17":{"start":{"line":92,"column":8},"end":{"line":110,"column":10}},"18":{"start":{"line":113,"column":17},"end":{"line":130,"column":5}},"19":{"start":{"line":114,"column":23},"end":{"line":114,"column":56}},"20":{"start":{"line":115,"column":26},"end":{"line":115,"column":72}},"21":{"start":{"line":116,"column":31},"end":{"line":116,"column":41}},"22":{"start":{"line":117,"column":8},"end":{"line":129,"column":10}},"23":{"start":{"line":123,"column":20},"end":{"line":126,"column":23}},"24":{"start":{"line":133,"column":47},"end":{"line":133,"column":57}},"25":{"start":{"line":134,"column":28},"end":{"line":134,"column":49}},"26":{"start":{"line":135,"column":8},"end":{"line":163,"column":10}},"27":{"start":{"line":142,"column":47},"end":{"line":142,"column":66}},"28":{"start":{"line":144,"column":24},"end":{"line":144,"column":52}},"29":{"start":{"line":146,"column":44},"end":{"line":146,"column":64}},"30":{"start":{"line":153,"column":32},"end":{"line":153,"column":58}},"31":{"start":{"line":154,"column":32},"end":{"line":156,"column":35}},"32":{"start":{"line":157,"column":32},"end":{"line":157,"column":53}}},"fnMap":{"0":{"name":"(anonymous_0)","decl":{"start":{"line":57,"column":4},"end":{"line":57,"column":5}},"loc":{"start":{"line":57,"column":23},"end":{"line":64,"column":5}},"line":57},"1":{"name":"(anonymous_1)","decl":{"start":{"line":66,"column":4},"end":{"line":66,"column":5}},"loc":{"start":{"line":66,"column":24},"end":{"line":68,"column":5}},"line":66},"2":{"name":"(anonymous_2)","decl":{"start":{"line":70,"column":20},"end":{"line":70,"column":21}},"loc":{"start":{"line":70,"column":26},"end":{"line":85,"column":5}},"line":70},"3":{"name":"(anonymous_3)","decl":{"start":{"line":71,"column":27},"end":{"line":71,"column":28}},"loc":{"start":{"line":71,"column":37},"end":{"line":84,"column":9}},"line":71},"4":{"name":"(anonymous_4)","decl":{"start":{"line":87,"column":19},"end":{"line":87,"column":20}},"loc":{"start":{"line":87,"column":25},"end":{"line":111,"column":5}},"line":87},"5":{"name":"(anonymous_5)","decl":{"start":{"line":113,"column":17},"end":{"line":113,"column":18}},"loc":{"start":{"line":113,"column":34},"end":{"line":130,"column":5}},"line":113},"6":{"name":"(anonymous_6)","decl":{"start":{"line":122,"column":33},"end":{"line":122,"column":34}},"loc":{"start":{"line":122,"column":39},"end":{"line":127,"column":17}},"line":122},"7":{"name":"(anonymous_7)","decl":{"start":{"line":132,"column":4},"end":{"line":132,"column":5}},"loc":{"start":{"line":132,"column":13},"end":{"line":164,"column":5}},"line":132},"8":{"name":"(anonymous_8)","decl":{"start":{"line":142,"column":41},"end":{"line":142,"column":42}},"loc":{"start":{"line":142,"column":47},"end":{"line":142,"column":66}},"line":142},"9":{"name":"(anonymous_9)","decl":{"start":{"line":143,"column":32},"end":{"line":143,"column":33}},"loc":{"start":{"line":144,"column":24},"end":{"line":144,"column":52}},"line":144},"10":{"name":"(anonymous_10)","decl":{"start":{"line":146,"column":34},"end":{"line":146,"column":35}},"loc":{"start":{"line":146,"column":44},"end":{"line":146,"column":64}},"line":146},"11":{"name":"(anonymous_11)","decl":{"start":{"line":152,"column":39},"end":{"line":152,"column":40}},"loc":{"start":{"line":152,"column":45},"end":{"line":158,"column":29}},"line":152}},"branchMap":{"0":{"loc":{"start":{"line":72,"column":12},"end":{"line":80,"column":13}},"type":"if","locations":[{"start":{"line":72,"column":12},"end":{"line":80,"column":13}},{"start":{"line":72,"column":12},"end":{"line":80,"column":13}}],"line":72}},"s":{"0":0,"1":0,"2":0,"3":0,"4":0,"5":0,"6":0,"7":0,"8":0,"9":0,"10":0,"11":0,"12":0,"13":0,"14":0,"15":0,"16":0,"17":0,"18":0,"19":0,"20":0,"21":0,"22":0,"23":0,"24":0,"25":0,"26":0,"27":0,"28":0,"29":0,"30":0,"31":0,"32":0},"f":{"0":0,"1":0,"2":0,"3":0,"4":0,"5":0,"6":0,"7":0,"8":0,"9":0,"10":0,"11":0},"b":{"0":[0,0]}}
,"/Users/gang.li/Documents/Other/My Project/RN/RNWeather/.history/src/Screens/HomeScreen_20211017151538.js": {"path":"/Users/gang.li/Documents/Other/My Project/RN/RNWeather/.history/src/Screens/HomeScreen_20211017151538.js","statementMap":{"0":{"start":{"line":17,"column":15},"end":{"line":35,"column":2}},"1":{"start":{"line":39,"column":8},"end":{"line":39,"column":21}},"2":{"start":{"line":41,"column":8},"end":{"line":44,"column":10}},"3":{"start":{"line":48,"column":8},"end":{"line":48,"column":29}},"4":{"start":{"line":51,"column":20},"end":{"line":66,"column":5}},"5":{"start":{"line":52,"column":8},"end":{"line":65,"column":11}},"6":{"start":{"line":53,"column":12},"end":{"line":61,"column":13}},"7":{"start":{"line":54,"column":16},"end":{"line":54,"column":63}},"8":{"start":{"line":55,"column":16},"end":{"line":55,"column":74}},"9":{"start":{"line":56,"column":16},"end":{"line":59,"column":19}},"10":{"start":{"line":60,"column":16},"end":{"line":60,"column":23}},"11":{"start":{"line":62,"column":12},"end":{"line":64,"column":15}},"12":{"start":{"line":68,"column":19},"end":{"line":92,"column":5}},"13":{"start":{"line":69,"column":24},"end":{"line":69,"column":58}},"14":{"start":{"line":70,"column":31},"end":{"line":70,"column":50}},"15":{"start":{"line":71,"column":21},"end":{"line":71,"column":44}},"16":{"start":{"line":72,"column":31},"end":{"line":72,"column":41}},"17":{"start":{"line":73,"column":8},"end":{"line":91,"column":10}},"18":{"start":{"line":94,"column":17},"end":{"line":111,"column":5}},"19":{"start":{"line":95,"column":23},"end":{"line":95,"column":56}},"20":{"start":{"line":96,"column":26},"end":{"line":96,"column":72}},"21":{"start":{"line":97,"column":31},"end":{"line":97,"column":41}},"22":{"start":{"line":98,"column":8},"end":{"line":110,"column":10}},"23":{"start":{"line":104,"column":20},"end":{"line":107,"column":23}},"24":{"start":{"line":114,"column":47},"end":{"line":114,"column":57}},"25":{"start":{"line":115,"column":28},"end":{"line":115,"column":49}},"26":{"start":{"line":116,"column":8},"end":{"line":144,"column":10}},"27":{"start":{"line":123,"column":47},"end":{"line":123,"column":66}},"28":{"start":{"line":125,"column":24},"end":{"line":125,"column":52}},"29":{"start":{"line":127,"column":44},"end":{"line":127,"column":64}},"30":{"start":{"line":134,"column":32},"end":{"line":134,"column":58}},"31":{"start":{"line":135,"column":32},"end":{"line":137,"column":35}},"32":{"start":{"line":138,"column":32},"end":{"line":138,"column":53}}},"fnMap":{"0":{"name":"(anonymous_0)","decl":{"start":{"line":38,"column":4},"end":{"line":38,"column":5}},"loc":{"start":{"line":38,"column":23},"end":{"line":45,"column":5}},"line":38},"1":{"name":"(anonymous_1)","decl":{"start":{"line":47,"column":4},"end":{"line":47,"column":5}},"loc":{"start":{"line":47,"column":24},"end":{"line":49,"column":5}},"line":47},"2":{"name":"(anonymous_2)","decl":{"start":{"line":51,"column":20},"end":{"line":51,"column":21}},"loc":{"start":{"line":51,"column":26},"end
[...]
,"/Users/gang.li/Documents/Other/My Project/RN/RNWeather/src/API/api.js": {"path":"/Users/gang.li/Documents/Other/My Project/RN/RNWeather/src/API/api.js","statementMap":{"0":{"start":{"line":1,"column":34},"end":{"line":18,"column":1}},"1":{"start":{"line":2,"column":27},"end":{"line":2,"column":45}},"2":{"start":{"line":4,"column":8},"end":{"line":4,"column":154}},"3":{"start":{"line":5,"column":4},"end":{"line":17,"column":11}},"4":{"start":{"line":7,"column":12},"end":{"line":7,"column":35}},"5":{"start":{"line":10,"column":12},"end":{"line":10,"column":42}},"6":{"start":{"line":11,"column":12},"end":{"line":11,"column":44}},"7":{"start":{"line":12,"column":12},"end":{"line":12,"column":37}},"8":{"start":{"line":15,"column":12},"end":{"line":15,"column":48}},"9":{"start":{"line":16,"column":12},"end":{"line":16,"column":37}}},"fnMap":{"0":{"name":"(anonymous_0)","decl":{"start":{"line":1,"column":34},"end":{"line":1,"column":35}},"loc":{"start":{"line":1,"column":48},"end":{"line":18,"column":1}},"line":1},"1":{"name":"(anonymous_1)","decl":{"start":{"line":6,"column":14},"end":{"line":6,"column":15}},"loc":{"start":{"line":6,"column":28},"end":{"line":8,"column":9}},"line":6},"2":{"name":"(anonymous_2)","decl":{"start":{"line":9,"column":14},"end":{"line":9,"column":15}},"loc":{"start":{"line":9,"column":28},"end":{"line":13,"column":9}},"line":9},"3":{"name":"(anonymous_3)","decl":{"start":{"line":14,"column":15},"end":{"line":14,"column":16}},"loc":{"start":{"line":14,"column":26},"end":{"line":17,"column":9}},"line":14}},"branchMap":{},"s":{"0":0,"1":0,"2":0,"3":0,"4":0,"5":0,"6":0,"7":0,"8":0,"9":0},"f":{"0":0,"1":0,"2":0,"3":0},"b":{}}
,"/Users/gang.li/Documents/Other/My Project/RN/RNWeather/src/Assets/Colors.js": {"path":"/Users/gang.li/Documents/Other/My Project/RN/RNWeather/src/Assets/Colors.js","statementMap":{},"fnMap":{},"branchMap":{},"s":{},"f":{},"b":{},"_coverageSchema":"1a1c01bbd47fc00a2c39e90264f33305004495a9","hash":"b08dc4913cba60d428538bb09bccadd76285f792"}
,"/Users/gang.li/Documents/Other/My Project/RN/RNWeather/src/Data/weatherData_7days.js": {"path":"/Users/gang.li/Documents/Other/My Project/RN/RNWeather/src/Data/weatherData_7days.js","statementMap":{"0":{"start":{"line":1,"column":27},"end":{"line":354,"column":1}}},"fnMap":{},"branchMap":{},"s":{"0":0},"f":{},"b":{}}
,"/Users/gang.li/Documents/Other/My Project/RN/RNWeather/src/Data/weatherData_daily_hourly.js": {"path":"/Users/gang.li/Documents/Other/My Project/RN/RNWeather/src/Data/weatherData_daily_hourly.js","statementMap":{"0":{"start":{"line":5,"column":26},"end":{"line":1426,"column":1}}},"fnMap":{},"branchMap":{},"s":{"0":0},"f":{},"b":{}}
,"/Users/gang.li/Documents/Other/My Project/RN/RNWeather/src/Navigator/AppNavigator.js": {"path":"/Users/gang.li/Documents/Other/My Project/RN/RNWeather/src/Navigator/AppNavigator.js","statementMap":{"0":{"start":{"line":7,"column":14},"end":{"line":7,"column":42}},"1":{"start":{"line":10,"column":4},"end":{"line":17,"column":6}}},"fnMap":{"0":{"name":"(anonymous_0)","decl":{"start":{"line":9,"column":30},"end":{"line":9,"column":31}},"loc":{"start":{"line":9,"column":36},"end":{"line":18,"column":1}},"line":9}},"branchMap":{},"s":{"0":0,"1":0},"f":{"0":0},"b":{}}
,"/Users/gang.li/Documents/Other/My Project/RN/RNWeather/src/Screens/BroadcastDay.js": {"path":"/Users/gang.li/Documents/Other/My Project/RN/RNWeather/src/Screens/BroadcastDay.js","statementMap":{"0":{"start":{"line":17,"column":11},"end":{"line":27,"column":1}},"1":{"start":{"line":22,"column":36},"end":{"line":22,"column":60}},"2":{"start":{"line":29,"column":20},"end":{"line":42,"column":1}},"3":{"start":{"line":34,"column":28},"end":{"line":34,"column":59}},"4":{"start":{"line":46,"column":8},"end":{"line":46,"column":21}},"5":{"start":{"line":47,"column":8},"end":{"line":47,"column":24}},"6":{"start":{"line":48,"column":8},"end":{"line":48,"column":31}},"7":{"start":{"line":49,"column":8},"end":{"line":49,"column":28}},"8":{"start":{"line":50,"column":8},"end":{"line":50,"column":31}},"9":{"start":{"line":52,"column":8},"end":{"line":52,"column":29}},"10":{"start":{"line":55,"column":15},"end":{"line":90,"column":5}},"11":{"start":{"line":56,"column":8},"end":{"line":58,"column":9}},"12":{"start":{"line":57,"column":12},"end":{"line":57,"column":19}},"13":{"start":{"line":59,"column":8},"end":{"line":59,"column":58}},"14":{"start":{"line":60,"column":8},"end":{"line":60,"column":56}},"15":{"start":{"line":61,"column":28},"end":{"line":61,"column":60}},"16":{"start":{"line":62,"column":29},"end":{"line":62,"column":65}},"17":{"start":{"line":63,"column":8},"end":{"line":63,"column":59}},"18":{"start":{"line":65,"column":8},"end":{"line":65,"column":37}},"19":{"start":{"line":66,"column":8},"end":{"line":66,"column":46}},"20":{"start":{"line":68,"column":8},"end":{"line":89,"column":10}},"21":{"start":{"line":95,"column":8},"end":{"line":150,"column":10}},"22":{"start":{"line":144,"column":28},"end":{"line":144,"column":61}},"23":{"start":{"line":145,"column":28},"end":{"line":145,"column":61}},"24":{"start":{"line":155,"column":21},"end":{"line":178,"column":5}},"25":{"start":{"line":156,"column":8},"end":{"line":177,"column":10}}},"fnMap":{"0":{"name":"(anonymous_0)","decl":{"start":{"line":22,"column":19},"end":{"line":22,"column":20}},"loc":{"start":{"line":22,"column":36},"end":{"line":22,"column":60}},"line":22},"1":{"name":"(anonymous_1)","decl":{"start":{"line":34,"column":11},"end":{"line":34,"column":12}},"loc":{"start":{"line":34,"column":28},"end":{"line":34,"column":59}},"line":34},"2":{"name":"(anonymous_2)","decl":{"start":{"line":45,"column":4},"end":{"line":45,"column":5}},"loc":{"start":{"line":45,"column":23},"end":{"line":53,"column":5}},"line":45},"3":{"name":"(anonymous_3)","decl":{"start":{"line":55,"column":15},"end":{"line":55,"column":16}},"loc":{"start":{"line":55,"column":26},"end":{"line":90,"column":5}},"line":55},"4":{"name":"(anonymous_4)","decl":{"start":{"line":92,"column":4},"end":{"line":92,"column":5}},"loc":{"start":{"line":92,"column":24},"end":{"line":92,"column":26}},"line":92},"5":{"name":"(anonymous_5)","decl":{"start":{"line":94,"column":4},"end":{"line":94,"column":5}},"loc":{"start":{"line":94,"column":13},"end":{"line":151,"column":5}},"line":94},"6":{"name":"(anonymous_6)","decl":{"start":{"line":143,"column":36},"end":{"line":143,"column":37}},"loc":{"start":{"line":143,"column":50},"end":{"line":146,"column":25}},"line":143},"7":{"name":"(anonymous_7)","decl":{"start":{"line":155,"column":21},"end":{"line":155,"column":22}},"loc":{"start":{"line":155,"column":31},"end":{"line":178,"column":5}},"line":155}},"branchMap":{"0":{"loc":{"start":{"line":22,"column":20},"end":{"line":22,"column":31}},"type":"default-arg","locations":[{"start":{"line":22,"column":30},"end":{"line":22,"column":31}}],"line":22},"1":{"loc":{"start":{"line":34,"column":12},"end":{"line":34,"column":23}},"type":"default-arg","locations":[{"start":{"line":34,"column":22},"end":{"line":34,"column":23}}],"line":34},"2":{"loc":{"start":{"line":56,"column":8},"end":{"line":58,"column":9}},"type":"if","locations":[{"start":{"line":56,"column":8},"end":{"line":58,"column":9}},{"start":{"line":56,"column":8},"end":{"line":58,"column":9}}],"line":56},"3":{"loc":{"start":{"line":101,"column":21},"end":{"line":129,"column":21}},"type":"binary-expr","locations":[{"start":{"line":101,"column":21},"end":{"line":101,"column":46}},{"start":{"line":102,"column":24},"end":{"line":128,"column":31}}],"line":101},"4":{"loc":{"start":{"line":130,"column":21},"end":{"line":140,"column":21}},"type":"binary-expr","locations":[{"start":{"line":130,"column":21},"end":{"line":130,"column":46}},{"start":{"line":131,"column":24},"end":{"line":139,"column":31}}],"line":130}},"s":{"0":0,"1":0,"2":0,"3":0,"4":0,"5":0,"6":0,"7":0,"8":0,"9":0,"10":0,"11":0,"12":0,"13":0,"14":0,"15":0,"16":0,"17":0,"18":0,"19":0,"20":0,"21":0,"22":0,"23":0,"24":0,"25":0},"f":{"0":0,"1":0,"2":0,"3":0,"4":0,"5":0,"6":0,"7":0},"b":{"0":[0],"1":[0],"2":[0,0],"3":[0,0],"4":[0,0]}}
,"/Users/gang.li/Documents/Other/My Project/RN/RNWeather/src/Screens/HomeScreen.js": {"path":"/Users/gang.li/Documents/Other/My Project/RN/RNWeather/src/Screens/HomeScreen.js","statementMap":{"0":{"start":{"line":17,"column":15},"end":{"line":35,"column":2}},"1":{"start":{"line":39,"column":8},"end":{"line":39,"column":21}},"2":{"start":{"line":41,"column":8},"end":{"line":44,"column":10}},"3":{"start":{"line":48,"column":8},"end":{"line":48,"column":29}},"4":{"start":{"line":51,"column":20},"end":{"line":66,"column":5}},"5":{"start":{"line":52,"column":8},"end":{"line":65,"column":11}},"6":{"start":{"line":53,"column":12},"end":{"line":61,"column":13}},"7":{"start":{"line":54,"column":16},"end":{"line":54,"column":63}},"8":{"start":{"line":55,"column":16},"end":{"line":55,"column":74}},"9":{"start":{"line":56,"column":16},"end":{"line":59,"column":19}},"10":{"start":{"line":60,"column":16},"end":{"line":60,"column":23}},"11":{"start":{"line":62,"column":12},"end":{"line":64,"column":15}},"12":{"start":{"line":68,"column":19},"end":{"line":92,"column":5}},"13":{"start":{"line":69,"column":24},"end":{"line":69,"column":58}},"14":{"start":{"line":70,"column":31},"end":{"line":70,"column":50}},"15":{"start":{"line":71,"column":21},"end":{"line":71,"column":44}},"16":{"start":{"line":72,"column":31},"end":{"line":72,"column":41}},"17":{"start":{"line":73,"column":8},"end":{"line":91,"column":10}},"18":{"start":{"line":94,"column":17},"end":{"line":109,"column":5}},"19":{"start":{"line":95,"column":23},"end":{"line":95,"column":56}},"20":{"start":{"line":96,"column":26},"end":{"line":96,"column":72}},"21":{"start":{"line":97,"column":31},"end":{"line":97,"column":41}},"22":{"start":{"line":98,"column":8},"end":{"line":108,"column":10}},"23":{"start":{"line":102,"column":20},"end":{"line":105,"column":23}},"24":{"start":{"line":112,"column":47},"end":{"line":112,"column":57}},"25":{"start":{"line":113,"column":28},"end":{"line":113,"column":49}},"26":{"start":{"line":114,"column":8},"end":{"line":142,"column":10}},"27":{"start":{"line":121,"column":47},"end":{"line":121,"column":66}},"28":{"start":{"line":123,"column":24},"end":{"line":123,"column":52}},"29":{"start":{"line":125,"column":44},"end":{"line":125,"column":64}},"30":{"start":{"line":132,"column":32},"end":{"line":132,"column":58}},"31":{"start":{"line":133,"column":32},"end":{"line":135,"column":35}},"32":{"start":{"line":136,"column":32},"end":{"line":136,"column":53}}},"fnMap":{"0":{"name":"(anonymous_0)","decl":{"start":{"line":38,"column":4},"end":{"line":38,"column":5}},"loc":{"start":{"line":38,"column":23},"end":{"line":45,"column":5}},"line":38},"1":{"name":"(anonymous_1)","decl":{"start":{"line":47,"column":4},"end":{"line":47,"column":5}},"loc":{"start":{"line":47,"column":24},"end":{"line":49,"column":5}},"line":47},"2":{"name":"(anonymous_2)","decl":{"start":{"line":51,"column":20},"end":{"line":51,"column":21}},"loc":{"start":{"line":51,"column":26},"end":{"line":66,"column":5}},"line":51},"3":{"name":"(anonymous_3)","decl":{"start":{"line":52,"column":27},"end":{"line":52,"column":28}},"loc":{"start":{"line":52,"column":37},"end":{"line":65,"column":9}},"line":52},"4":{"name":"(anonymous_4)","decl":{"start":{"line":68,"column":19},"end":{"line":68,"column":20}},"loc":{"start":{"line":68,"column":25},"end":{"line":92,"column":5}},"line":68},"5":{"name":"(anonymous_5)","decl":{"start":{"line":94,"column":17},"end":{"line":94,"column":18}},"loc":{"start":{"line":94,"column":34},"end":{"line":109,"column":5}},"line":94},"6":{"name":"(anonymous_6)","decl":{"start":{"line":101,"column":33},"end":{"line":101,"column":34}},"loc":{"start":{"line":101,"column":39},"end":{"line":106,"column":17}},"line":101},"7":{"name":"(anonymous_7)","decl":{"start":{"line":111,"column":4},"end":{"line":111,"column":5}},"loc":{"start":{"line":111,"column":13},"end":{"line":143,"column":5}},"line":111},"8":{"name":"(anonymous_8)","decl":{"start":{"line":121,"column":41},"end":{"line":121,"column":42}},"loc":{"start":{"line":121,"column":47},"end":{"line":121,"column":66}},"line":121},"9":{"name":"(anonymous_9)","decl":{"start":{"line":122,"column":32},"end":{"line":122,"column":33}},"loc":{"start":{"line":123,"column":24},"end":{"line":123,"column":52}},"line":123},"10":{"name":"(anonymous_10)","decl":{"start":{"line":125,"column":34},"end":{"line":125,"column":35}},"loc":{"start":{"line":125,"column":44},"end":{"line":125,"column":64}},"line":125},"11":{"name":"(anonymous_11)","decl":{"start":{"line":131,"column":39},"end":{"line":131,"column":40}},"loc":{"start":{"line":131,"column":45},"end":{"line":137,"column":29}},"line":131}},"branchMap":{"0":{"loc":{"start":{"line":53,"column":12},"end":{"line":61,"column":13}},"type":"if","locations":[{"start":{"line":53,"column":12},"end":{"line":61,"column":13}},{"start":{"line":53,"column":12},"end":{"line":61,"column":13}}],"line":53}},"s":{"0":0,"1":0,"2":0,"3":0,"4":0,"5":0,"6":0,"7":0,"8":0,"9":0,"10":0,"11":0,"12":0,"13":0,"14":0,"15":0,"16":0,"17":0,"18":0,"19":0,"20":0,"21":0,"22":0,"23":0,"24":0,"25":0,"26":0,"27":0,"28":0,"29":0,"30":0,"31":0,"32":0},"f":{"0":0,"1":0,"2":0,"3":0,"4":0,"5":0,"6":0,"7":0,"8":0,"9":0,"10":0,"11":0},"b":{"0":[0,0]}}
,"/Users/gang.li/Documents/Other/My Project/RN/RNWeather/src/Screens/HomeScreenItem.js": {"path":"/Users/gang.li/Documents/Other/My Project/RN/RNWeather/src/Screens/HomeScreenItem.js","statementMap":{"0":{"start":{"line":6,"column":15},"end":{"line":26,"column":2}},"1":{"start":{"line":29,"column":18},"end":{"line":29,"column":34}},"2":{"start":{"line":30,"column":18},"end":{"line":30,"column":33}},"3":{"start":{"line":31,"column":18},"end":{"line":31,"column":33}},"4":{"start":{"line":32,"column":18},"end":{"line":32,"column":38}},"5":{"start":{"line":34,"column":4},"end":{"line":60,"column":6}},"6":{"start":{"line":37,"column":16},"end":{"line":39,"column":17}},"7":{"start":{"line":38,"column":20},"end":{"line":38,"column":38}}},"fnMap":{"0":{"name":"(anonymous_0)","decl":{"start":{"line":28,"column":32},"end":{"line":28,"column":33}},"loc":{"start":{"line":28,"column":63},"end":{"line":61,"column":1}},"line":28},"1":{"name":"(anonymous_1)","decl":{"start":{"line":36,"column":21},"end":{"line":36,"column":22}},"loc":{"start":{"line":36,"column":27},"end":{"line":40,"column":13}},"line":36}},"branchMap":{"0":{"loc":{"start":{"line":37,"column":16},"end":{"line":39,"column":17}},"type":"if","locations":[{"start":{"line":37,"column":16},"end":{"line":39,"column":17}},{"start":{"line":37,"column":16},"end":{"line":39,"column":17}}],"line":37}},"s":{"0":1,"1":1,"2":1,"3":1,"4":1,"5":1,"6":0,"7":0},"f":{"0":1,"1":0},"b":{"0":[0,0]},"_coverageSchema":"1a1c01bbd47fc00a2c39e90264f33305004495a9","hash":"71995ef39790192b6fbd4951051333ccca63b68a"}
,"/Users/gang.li/Documents/Other/My Project/RN/RNWeather/src/Utils/commonUtils.js": {"path":"/Users/gang.li/Documents/Other/My Project/RN/RNWeather/src/Utils/commonUtils.js","statementMap":{"0":{"start":{"line":3,"column":26},"end":{"line":5,"column":1}},"1":{"start":{"line":4,"column":4},"end":{"line":4,"column":52}},"2":{"start":{"line":7,"column":36},"end":{"line":9,"column":1}},"3":{"start":{"line":8,"column":4},"end":{"line":8,"column":50}},"4":{"start":{"line":11,"column":32},"end":{"line":18,"column":1}},"5":{"start":{"line":12,"column":4},"end":{"line":14,"column":5}},"6":{"start":{"line":13,"column":8},"end":{"line":13,"column":18}},"7":{"start":{"line":15,"column":4},"end":{"line":17,"column":7}},"8":{"start":{"line":16,"column":8},"end":{"line":16,"column":35}},"9":{"start":{"line":20,"column":36},"end":{"line":27,"column":1}},"10":{"start":{"line":21,"column":4},"end":{"line":23,"column":5}},"11":{"start":{"line":22,"column":8},"end":{"line":22,"column":18}},"12":{"start":{"line":24,"column":4},"end":{"line":26,"column":7}},"13":{"start":{"line":25,"column":8},"end":{"line":25,"column":49}},"14":{"start":{"line":29,"column":35},"end":{"line":36,"column":1}},"15":{"start":{"line":30,"column":4},"end":{"line":32,"column":5}},"16":{"start":{"line":31,"column":8},"end":{"line":31,"column":18}},"17":{"start":{"line":33,"column":4},"end":{"line":35,"column":7}},"18":{"start":{"line":34,"column":8},"end":{"line":34,"column":28}}},"fnMap":{"0":{"name":"(anonymous_0)","decl":{"start":{"line":3,"column":26},"end":{"line":3,"column":27}},"loc":{"start":{"line":3,"column":41},"end":{"line":5,"column":1}},"line":3},"1":{"name":"(anonymous_1)","decl":{"start":{"line":7,"column":36},"end":{"line":7,"column":37}},"loc":{"start":{"line":7,"column":51},"end":{"line":9,"column":1}},"line":7},"2":{"name":"(anonymous_2)","decl":{"start":{"line":11,"column":32},"end":{"line":11,"column":33}},"loc":{"start":{"line":11,"column":47},"end":{"line":18,"column":1}},"line":11},"3":{"name":"(anonymous_3)","decl":{"start":{"line":15,"column":25},"end":{"line":15,"column":26}},"loc":{"start":{"line":15,"column":35},"end":{"line":17,"column":5}},"line":15},"4":{"name":"(anonymous_4)","decl":{"start":{"line":20,"column":36},"end":{"line":20,"column":37}},"loc":{"start":{"line":20,"column":51},"end":{"line":27,"column":1}},"line":20},"5":{"name":"(anonymous_5)","decl":{"start":{"line":24,"column":25},"end":{"line":24,"column":26}},"loc":{"start":{"line":24,"column":35},"end":{"line":26,"column":5}},"line":24},"6":{"name":"(anonymous_6)","decl":{"start":{"line":29,"column":35},"end":{"line":29,"column":36}},"loc":{"start":{"line":29,"column":50},"end":{"line":36,"column":1}},"line":29},"7":{"name":"(anonymous_7)","decl":{"start":{"line":33,"column":25},"end":{"line":33,"column":26}},"loc":{"start":{"line":33,"column":35},"end":{"line":35,"column":5}},"line":33}},"branchMap":{"0":{"loc":{"start":{"line":12,"column":4},"end":{"line":14,"column":5}},"type":"if","locations":[{"start":{"line":12,"column":4},"end":{"line":14,"column":5}},{"start":{"line":12,"column":4},"end":{"line":14,"column":5}}],"line":12},"1":{"loc":{"start":{"line":21,"column":4},"end":{"line":23,"column":5}},"type":"if","locations":[{"start":{"line":21,"column":4},"end":{"line":23,"column":5}},{"start":{"line":21,"column":4},"end":{"line":23,"column":5}}],"line":21},"2":{"loc":{"start":{"line":30,"column":4},"end":{"line":32,"column":5}},"type":"if","locations":[{"start":{"line":30,"column":4},"end":{"line":32,"column":5}},{"start":{"line":30,"column":4},"end":{"line":32,"column":5}}],"line":30}},"s":{"0":2,"1":2,"2":2,"3":0,"4":2,"5":0,"6":0,"7":0,"8":0,"9":2,"10":0,"11":0,"12":0,"13":0,"14":2,"15":0,"16":0,"17":0,"18":0},"f":{"0":2,"1":0,"2":0,"3":0,"4":0,"5":0,"6":0,"7":0},"b":{"0":[0,0],"1":[0,0],"2":[0,0]},"_coverageSchema":"1a1c01bbd47fc00a2c39e90264f33305004495a9","hash":"c4c8d185d0355fbbbab347949f17e6b92c00d171"}
}
